<?xml version="1.0" encoding="UTF-8"?>
<testng-results retried="5" ignored="5" total="36" passed="24" failed="2" skipped="0">
  <reporter-output>
  </reporter-output>
  <suite started-at="2025-09-11T08:39:52 IST" name="multiBrowserTesting" finished-at="2025-09-11T08:43:32 IST" duration-ms="220075">
    <groups>
      <group name="regression">
        <method signature="ManageCategoryTest.verifyuserIsAbleToAccessManageCategoryPage()[pri:0, instance:testscript.ManageCategoryTest@45c7e403]" name="verifyuserIsAbleToAccessManageCategoryPage" class="testscript.ManageCategoryTest"/>
        <method signature="ManageContactTest.verifyUserisAbleToAccessManageContactPage()[pri:0, instance:testscript.ManageContactTest@66d18979]" name="verifyUserisAbleToAccessManageContactPage" class="testscript.ManageContactTest"/>
        <method signature="ManageFooterTest.verifyUserIsAbletoAccessManageFooterPage()[pri:0, instance:testscript.ManageFooterTest@17f7cd29]" name="verifyUserIsAbletoAccessManageFooterPage" class="testscript.ManageFooterTest"/>
        <method signature="ManageCategoryTest.verifyuserIsAbleToAccessManageCategoryPage()[pri:0, instance:testscript.ManageCategoryTest@3f56875e]" name="verifyuserIsAbleToAccessManageCategoryPage" class="testscript.ManageCategoryTest"/>
        <method signature="ManageContactTest.verifyUserisAbleToAccessManageContactPage()[pri:0, instance:testscript.ManageContactTest@fd07cbb]" name="verifyUserisAbleToAccessManageContactPage" class="testscript.ManageContactTest"/>
        <method signature="ManageFooterTest.verifyUserIsAbletoAccessManageFooterPage()[pri:0, instance:testscript.ManageFooterTest@484970b0]" name="verifyUserIsAbletoAccessManageFooterPage" class="testscript.ManageFooterTest"/>
      </group> <!-- regression -->
    </groups>
    <test started-at="2025-09-11T08:39:52 IST" name="chromeTest" finished-at="2025-09-11T08:40:37 IST" duration-ms="44811">
      <class name="testscript.ManageNewsTest">
        <test-method is-config="true" signature="browserIntialization(java.lang.String)[pri:0, instance:testscript.ManageNewsTest@bccb269]" started-at="2025-09-11T08:40:13 IST" name="browserIntialization" finished-at="2025-09-11T08:40:14 IST" duration-ms="1245" status="PASS">
          <params>
            <param index="0">
              <value>
                <![CDATA[chrome]]>
              </value>
            </param>
          </params>
          <reporter-output>
          </reporter-output>
        </test-method> <!-- browserIntialization -->
        <test-method signature="verifyUserisAbleToAccessManageNewsPage()[pri:0, instance:testscript.ManageNewsTest@bccb269]" started-at="2025-09-11T08:40:14 IST" name="verifyUserisAbleToAccessManageNewsPage" description="User is able to access the Manage News Page" finished-at="2025-09-11T08:40:16 IST" duration-ms="1553" status="PASS">
          <reporter-output>
          </reporter-output>
        </test-method> <!-- verifyUserisAbleToAccessManageNewsPage -->
        <test-method is-config="true" signature="browserQuit(org.testng.ITestResult)[pri:0, instance:testscript.ManageNewsTest@bccb269]" started-at="2025-09-11T08:40:16 IST" name="browserQuit" finished-at="2025-09-11T08:40:16 IST" duration-ms="148" status="PASS">
          <params>
            <param index="0">
              <value>
                <![CDATA[[TestResult name=verifyUserisAbleToAccessManageNewsPage status=SUCCESS method=ManageNewsTest.verifyUserisAbleToAccessManageNewsPage()[pri:0, instance:testscript.ManageNewsTest@bccb269] output={null}]]]>
              </value>
            </param>
          </params>
          <reporter-output>
          </reporter-output>
        </test-method> <!-- browserQuit -->
      </class> <!-- testscript.ManageNewsTest -->
      <class name="testscript.LogOutTest">
        <test-method is-config="true" signature="browserIntialization(java.lang.String)[pri:0, instance:testscript.LogOutTest@609cd4d8]" started-at="2025-09-11T08:40:16 IST" name="browserIntialization" finished-at="2025-09-11T08:40:17 IST" duration-ms="1228" status="PASS">
          <params>
            <param index="0">
              <value>
                <![CDATA[chrome]]>
              </value>
            </param>
          </params>
          <reporter-output>
          </reporter-output>
        </test-method> <!-- browserIntialization -->
        <test-method signature="verifyUserisAbleToLout()[pri:0, instance:testscript.LogOutTest@609cd4d8]" started-at="2025-09-11T08:40:17 IST" name="verifyUserisAbleToLout" description="user is able to logout" finished-at="2025-09-11T08:40:18 IST" duration-ms="1002" status="PASS">
          <reporter-output>
          </reporter-output>
        </test-method> <!-- verifyUserisAbleToLout -->
        <test-method is-config="true" signature="browserQuit(org.testng.ITestResult)[pri:0, instance:testscript.LogOutTest@609cd4d8]" started-at="2025-09-11T08:40:18 IST" name="browserQuit" finished-at="2025-09-11T08:40:19 IST" duration-ms="200" status="PASS">
          <params>
            <param index="0">
              <value>
                <![CDATA[[TestResult name=verifyUserisAbleToLout status=SUCCESS method=LogOutTest.verifyUserisAbleToLout()[pri:0, instance:testscript.LogOutTest@609cd4d8] output={null}]]]>
              </value>
            </param>
          </params>
          <reporter-output>
          </reporter-output>
        </test-method> <!-- browserQuit -->
      </class> <!-- testscript.LogOutTest -->
      <class name="testscript.ManageNewsUpdateTest">
        <test-method is-config="true" signature="browserIntialization(java.lang.String)[pri:0, instance:testscript.ManageNewsUpdateTest@6913c1fb]" started-at="2025-09-11T08:39:57 IST" name="browserIntialization" finished-at="2025-09-11T08:39:59 IST" duration-ms="1427" status="PASS">
          <params>
            <param index="0">
              <value>
                <![CDATA[chrome]]>
              </value>
            </param>
          </params>
          <reporter-output>
          </reporter-output>
        </test-method> <!-- browserIntialization -->
        <test-method retried="true" signature="validateSaveBtnInManageNews()[pri:0, instance:testscript.ManageNewsUpdateTest@6913c1fb]" started-at="2025-09-11T08:39:59 IST" name="validateSaveBtnInManageNews" description="user is able to update Manage News page" finished-at="2025-09-11T08:40:00 IST" duration-ms="1314" status="SKIP">
          <exception class="org.openqa.selenium.StaleElementReferenceException">
            <message>
              <![CDATA[stale element reference: stale element not found
  (Session info: chrome=140.0.7339.81)
For documentation on this error, please visit: https://www.selenium.dev/documentation/webdriver/troubleshooting/errors#stale-element-reference-exception
Build info: version: '4.33.0', revision: '2c6aaad03a'
System info: os.name: 'Windows 11', os.arch: 'amd64', os.version: '10.0', java.version: '23.0.2'
Driver info: org.openqa.selenium.chrome.ChromeDriver
Command: [edc054fd88d51650dcb503a0a6adcbd9, getElementText {id=f.4229D1EC2DD793EA4F6EB57A10483150.d.FDDC088F9549E413D12E719C0DAA78BA.e.40}]
Capabilities {acceptInsecureCerts: false, browserName: chrome, browserVersion: 140.0.7339.81, chrome: {chromedriverVersion: 140.0.7339.82 (bc93617e21c3..., userDataDir: C:\Users\user\AppData\Local...}, fedcm:accounts: true, goog:chromeOptions: {debuggerAddress: localhost:62720}, networkConnectionEnabled: false, pageLoadStrategy: normal, platformName: windows, proxy: Proxy(), se:cdp: ws://localhost:62720/devtoo..., se:cdpVersion: 140.0.7339.81, setWindowRect: true, strictFileInteractability: false, timeouts: {implicit: 0, pageLoad: 300000, script: 30000}, unhandledPromptBehavior: dismiss and notify, webauthn:extension:credBlob: true, webauthn:extension:largeBlob: true, webauthn:extension:minPinLength: true, webauthn:extension:prf: true, webauthn:virtualAuthenticators: true}
Element: [[ChromeDriver: chrome on windows (edc054fd88d51650dcb503a0a6adcbd9)] -> xpath: //table[@class='table table-bordered table-hover table-sm']//tbody//tr//td[1]]
Session ID: edc054fd88d51650dcb503a0a6adcbd9]]>
            </message>
            <full-stacktrace>
              <![CDATA[org.openqa.selenium.StaleElementReferenceException: stale element reference: stale element not found
  (Session info: chrome=140.0.7339.81)
For documentation on this error, please visit: https://www.selenium.dev/documentation/webdriver/troubleshooting/errors#stale-element-reference-exception
Build info: version: '4.33.0', revision: '2c6aaad03a'
System info: os.name: 'Windows 11', os.arch: 'amd64', os.version: '10.0', java.version: '23.0.2'
Driver info: org.openqa.selenium.chrome.ChromeDriver
Command: [edc054fd88d51650dcb503a0a6adcbd9, getElementText {id=f.4229D1EC2DD793EA4F6EB57A10483150.d.FDDC088F9549E413D12E719C0DAA78BA.e.40}]
Capabilities {acceptInsecureCerts: false, browserName: chrome, browserVersion: 140.0.7339.81, chrome: {chromedriverVersion: 140.0.7339.82 (bc93617e21c3..., userDataDir: C:\Users\user\AppData\Local...}, fedcm:accounts: true, goog:chromeOptions: {debuggerAddress: localhost:62720}, networkConnectionEnabled: false, pageLoadStrategy: normal, platformName: windows, proxy: Proxy(), se:cdp: ws://localhost:62720/devtoo..., se:cdpVersion: 140.0.7339.81, setWindowRect: true, strictFileInteractability: false, timeouts: {implicit: 0, pageLoad: 300000, script: 30000}, unhandledPromptBehavior: dismiss and notify, webauthn:extension:credBlob: true, webauthn:extension:largeBlob: true, webauthn:extension:minPinLength: true, webauthn:extension:prf: true, webauthn:virtualAuthenticators: true}
Element: [[ChromeDriver: chrome on windows (edc054fd88d51650dcb503a0a6adcbd9)] -> xpath: //table[@class='table table-bordered table-hover table-sm']//tbody//tr//td[1]]
Session ID: edc054fd88d51650dcb503a0a6adcbd9
at java.base/jdk.internal.reflect.DirectConstructorHandleAccessor.newInstance(DirectConstructorHandleAccessor.java:62)
at java.base/java.lang.reflect.Constructor.newInstanceWithCaller(Constructor.java:501)
at java.base/java.lang.reflect.Constructor.newInstance(Constructor.java:485)
at org.openqa.selenium.remote.ErrorCodec.decode(ErrorCodec.java:167)
at org.openqa.selenium.remote.codec.w3c.W3CHttpResponseCodec.decode(W3CHttpResponseCodec.java:138)
at org.openqa.selenium.remote.codec.w3c.W3CHttpResponseCodec.decode(W3CHttpResponseCodec.java:50)
at org.openqa.selenium.remote.HttpCommandExecutor.execute(HttpCommandExecutor.java:215)
at org.openqa.selenium.remote.service.DriverCommandExecutor.invokeExecute(DriverCommandExecutor.java:216)
at org.openqa.selenium.remote.service.DriverCommandExecutor.execute(DriverCommandExecutor.java:174)
at org.openqa.selenium.remote.RemoteWebDriver.execute(RemoteWebDriver.java:544)
at org.openqa.selenium.remote.RemoteWebElement.execute(RemoteWebElement.java:223)
at org.openqa.selenium.remote.RemoteWebElement.getText(RemoteWebElement.java:191)
at pages.ManageNewsUpdatePage.tableSerach(ManageNewsUpdatePage.java:72)
at testscript.ManageNewsUpdateTest.validateSaveBtnInManageNews(ManageNewsUpdateTest.java:32)
at java.base/jdk.internal.reflect.DirectMethodHandleAccessor.invoke(DirectMethodHandleAccessor.java:103)
at java.base/java.lang.reflect.Method.invoke(Method.java:580)
at org.testng.internal.invokers.MethodInvocationHelper.invokeMethod(MethodInvocationHelper.java:141)
at org.testng.internal.invokers.TestInvoker.invokeMethod(TestInvoker.java:686)
at org.testng.internal.invokers.TestInvoker.invokeTestMethod(TestInvoker.java:230)
at org.testng.internal.invokers.MethodRunner.runInSequence(MethodRunner.java:63)
at org.testng.internal.invokers.TestInvoker$MethodInvocationAgent.invoke(TestInvoker.java:992)
at org.testng.internal.invokers.TestInvoker.invokeTestMethods(TestInvoker.java:203)
at org.testng.internal.invokers.TestMethodWorker.invokeTestMethods(TestMethodWorker.java:154)
at org.testng.internal.invokers.TestMethodWorker.run(TestMethodWorker.java:134)
at java.base/java.util.ArrayList.forEach(ArrayList.java:1597)
at org.testng.TestRunner.privateRun(TestRunner.java:739)
at org.testng.TestRunner.run(TestRunner.java:614)
at org.testng.SuiteRunner.runTest(SuiteRunner.java:421)
at org.testng.SuiteRunner$SuiteWorker.run(SuiteRunner.java:463)
at org.testng.internal.thread.ThreadUtil.lambda$execute$0(ThreadUtil.java:64)
at java.base/java.util.concurrent.FutureTask.run(FutureTask.java:317)
at java.base/java.util.concurrent.ThreadPoolExecutor.runWorker(ThreadPoolExecutor.java:1144)
at java.base/java.util.concurrent.ThreadPoolExecutor$Worker.run(ThreadPoolExecutor.java:642)
at java.base/java.lang.Thread.run(Thread.java:1575)
]]>
            </full-stacktrace>
          </exception> <!-- org.openqa.selenium.StaleElementReferenceException -->
          <reporter-output>
          </reporter-output>
        </test-method> <!-- validateSaveBtnInManageNews -->
        <test-method is-config="true" signature="browserQuit(org.testng.ITestResult)[pri:0, instance:testscript.ManageNewsUpdateTest@6913c1fb]" started-at="2025-09-11T08:40:00 IST" name="browserQuit" finished-at="2025-09-11T08:40:00 IST" duration-ms="187" status="PASS">
          <params>
            <param index="0">
              <value>
                <![CDATA[[TestResult name=validateSaveBtnInManageNews status=SKIP method=ManageNewsUpdateTest.validateSaveBtnInManageNews()[pri:0, instance:testscript.ManageNewsUpdateTest@6913c1fb] output={null}]]]>
              </value>
            </param>
          </params>
          <reporter-output>
          </reporter-output>
        </test-method> <!-- browserQuit -->
        <test-method is-config="true" signature="browserIntialization(java.lang.String)[pri:0, instance:testscript.ManageNewsUpdateTest@6913c1fb]" started-at="2025-09-11T08:40:00 IST" name="browserIntialization" finished-at="2025-09-11T08:40:02 IST" duration-ms="1275" status="PASS">
          <params>
            <param index="0">
              <value>
                <![CDATA[chrome]]>
              </value>
            </param>
          </params>
          <reporter-output>
          </reporter-output>
        </test-method> <!-- browserIntialization -->
        <test-method retried="true" signature="validateSaveBtnInManageNews()[pri:0, instance:testscript.ManageNewsUpdateTest@6913c1fb]" started-at="2025-09-11T08:40:02 IST" name="validateSaveBtnInManageNews" description="user is able to update Manage News page" finished-at="2025-09-11T08:40:03 IST" duration-ms="1483" status="SKIP">
          <exception class="org.openqa.selenium.StaleElementReferenceException">
            <message>
              <![CDATA[stale element reference: stale element not found
  (Session info: chrome=140.0.7339.81)
For documentation on this error, please visit: https://www.selenium.dev/documentation/webdriver/troubleshooting/errors#stale-element-reference-exception
Build info: version: '4.33.0', revision: '2c6aaad03a'
System info: os.name: 'Windows 11', os.arch: 'amd64', os.version: '10.0', java.version: '23.0.2'
Driver info: org.openqa.selenium.chrome.ChromeDriver
Command: [c12ed2cff6f71bbd43c4c5c8f06caee6, getElementText {id=f.35EBDE9D1BCB7C5ECC7864A8ED8DFBD7.d.A952E7158AAFDD54834178C713C2435D.e.39}]
Capabilities {acceptInsecureCerts: false, browserName: chrome, browserVersion: 140.0.7339.81, chrome: {chromedriverVersion: 140.0.7339.82 (bc93617e21c3..., userDataDir: C:\Users\user\AppData\Local...}, fedcm:accounts: true, goog:chromeOptions: {debuggerAddress: localhost:62742}, networkConnectionEnabled: false, pageLoadStrategy: normal, platformName: windows, proxy: Proxy(), se:cdp: ws://localhost:62742/devtoo..., se:cdpVersion: 140.0.7339.81, setWindowRect: true, strictFileInteractability: false, timeouts: {implicit: 0, pageLoad: 300000, script: 30000}, unhandledPromptBehavior: dismiss and notify, webauthn:extension:credBlob: true, webauthn:extension:largeBlob: true, webauthn:extension:minPinLength: true, webauthn:extension:prf: true, webauthn:virtualAuthenticators: true}
Element: [[ChromeDriver: chrome on windows (c12ed2cff6f71bbd43c4c5c8f06caee6)] -> xpath: //table[@class='table table-bordered table-hover table-sm']//tbody//tr//td[1]]
Session ID: c12ed2cff6f71bbd43c4c5c8f06caee6]]>
            </message>
            <full-stacktrace>
              <![CDATA[org.openqa.selenium.StaleElementReferenceException: stale element reference: stale element not found
  (Session info: chrome=140.0.7339.81)
For documentation on this error, please visit: https://www.selenium.dev/documentation/webdriver/troubleshooting/errors#stale-element-reference-exception
Build info: version: '4.33.0', revision: '2c6aaad03a'
System info: os.name: 'Windows 11', os.arch: 'amd64', os.version: '10.0', java.version: '23.0.2'
Driver info: org.openqa.selenium.chrome.ChromeDriver
Command: [c12ed2cff6f71bbd43c4c5c8f06caee6, getElementText {id=f.35EBDE9D1BCB7C5ECC7864A8ED8DFBD7.d.A952E7158AAFDD54834178C713C2435D.e.39}]
Capabilities {acceptInsecureCerts: false, browserName: chrome, browserVersion: 140.0.7339.81, chrome: {chromedriverVersion: 140.0.7339.82 (bc93617e21c3..., userDataDir: C:\Users\user\AppData\Local...}, fedcm:accounts: true, goog:chromeOptions: {debuggerAddress: localhost:62742}, networkConnectionEnabled: false, pageLoadStrategy: normal, platformName: windows, proxy: Proxy(), se:cdp: ws://localhost:62742/devtoo..., se:cdpVersion: 140.0.7339.81, setWindowRect: true, strictFileInteractability: false, timeouts: {implicit: 0, pageLoad: 300000, script: 30000}, unhandledPromptBehavior: dismiss and notify, webauthn:extension:credBlob: true, webauthn:extension:largeBlob: true, webauthn:extension:minPinLength: true, webauthn:extension:prf: true, webauthn:virtualAuthenticators: true}
Element: [[ChromeDriver: chrome on windows (c12ed2cff6f71bbd43c4c5c8f06caee6)] -> xpath: //table[@class='table table-bordered table-hover table-sm']//tbody//tr//td[1]]
Session ID: c12ed2cff6f71bbd43c4c5c8f06caee6
at java.base/jdk.internal.reflect.DirectConstructorHandleAccessor.newInstance(DirectConstructorHandleAccessor.java:62)
at java.base/java.lang.reflect.Constructor.newInstanceWithCaller(Constructor.java:501)
at java.base/java.lang.reflect.Constructor.newInstance(Constructor.java:485)
at org.openqa.selenium.remote.ErrorCodec.decode(ErrorCodec.java:167)
at org.openqa.selenium.remote.codec.w3c.W3CHttpResponseCodec.decode(W3CHttpResponseCodec.java:138)
at org.openqa.selenium.remote.codec.w3c.W3CHttpResponseCodec.decode(W3CHttpResponseCodec.java:50)
at org.openqa.selenium.remote.HttpCommandExecutor.execute(HttpCommandExecutor.java:215)
at org.openqa.selenium.remote.service.DriverCommandExecutor.invokeExecute(DriverCommandExecutor.java:216)
at org.openqa.selenium.remote.service.DriverCommandExecutor.execute(DriverCommandExecutor.java:174)
at org.openqa.selenium.remote.RemoteWebDriver.execute(RemoteWebDriver.java:544)
at org.openqa.selenium.remote.RemoteWebElement.execute(RemoteWebElement.java:223)
at org.openqa.selenium.remote.RemoteWebElement.getText(RemoteWebElement.java:191)
at pages.ManageNewsUpdatePage.tableSerach(ManageNewsUpdatePage.java:72)
at testscript.ManageNewsUpdateTest.validateSaveBtnInManageNews(ManageNewsUpdateTest.java:32)
at java.base/jdk.internal.reflect.DirectMethodHandleAccessor.invoke(DirectMethodHandleAccessor.java:103)
at java.base/java.lang.reflect.Method.invoke(Method.java:580)
at org.testng.internal.invokers.MethodInvocationHelper.invokeMethod(MethodInvocationHelper.java:141)
at org.testng.internal.invokers.TestInvoker.invokeMethod(TestInvoker.java:686)
at org.testng.internal.invokers.TestInvoker.retryFailed(TestInvoker.java:269)
at org.testng.internal.invokers.MethodRunner.runInSequence(MethodRunner.java:76)
at org.testng.internal.invokers.TestInvoker$MethodInvocationAgent.invoke(TestInvoker.java:992)
at org.testng.internal.invokers.TestInvoker.invokeTestMethods(TestInvoker.java:203)
at org.testng.internal.invokers.TestMethodWorker.invokeTestMethods(TestMethodWorker.java:154)
at org.testng.internal.invokers.TestMethodWorker.run(TestMethodWorker.java:134)
at java.base/java.util.ArrayList.forEach(ArrayList.java:1597)
at org.testng.TestRunner.privateRun(TestRunner.java:739)
at org.testng.TestRunner.run(TestRunner.java:614)
at org.testng.SuiteRunner.runTest(SuiteRunner.java:421)
at org.testng.SuiteRunner$SuiteWorker.run(SuiteRunner.java:463)
at org.testng.internal.thread.ThreadUtil.lambda$execute$0(ThreadUtil.java:64)
at java.base/java.util.concurrent.FutureTask.run(FutureTask.java:317)
at java.base/java.util.concurrent.ThreadPoolExecutor.runWorker(ThreadPoolExecutor.java:1144)
at java.base/java.util.concurrent.ThreadPoolExecutor$Worker.run(ThreadPoolExecutor.java:642)
at java.base/java.lang.Thread.run(Thread.java:1575)
]]>
            </full-stacktrace>
          </exception> <!-- org.openqa.selenium.StaleElementReferenceException -->
          <reporter-output>
          </reporter-output>
        </test-method> <!-- validateSaveBtnInManageNews -->
        <test-method is-config="true" signature="browserQuit(org.testng.ITestResult)[pri:0, instance:testscript.ManageNewsUpdateTest@6913c1fb]" started-at="2025-09-11T08:40:03 IST" name="browserQuit" finished-at="2025-09-11T08:40:03 IST" duration-ms="168" status="PASS">
          <params>
            <param index="0">
              <value>
                <![CDATA[[TestResult name=validateSaveBtnInManageNews status=SKIP method=ManageNewsUpdateTest.validateSaveBtnInManageNews()[pri:0, instance:testscript.ManageNewsUpdateTest@6913c1fb] output={null}]]]>
              </value>
            </param>
          </params>
          <reporter-output>
          </reporter-output>
        </test-method> <!-- browserQuit -->
        <test-method is-config="true" signature="browserIntialization(java.lang.String)[pri:0, instance:testscript.ManageNewsUpdateTest@6913c1fb]" started-at="2025-09-11T08:40:03 IST" name="browserIntialization" finished-at="2025-09-11T08:40:04 IST" duration-ms="1117" status="PASS">
          <params>
            <param index="0">
              <value>
                <![CDATA[chrome]]>
              </value>
            </param>
          </params>
          <reporter-output>
          </reporter-output>
        </test-method> <!-- browserIntialization -->
        <test-method signature="validateSaveBtnInManageNews()[pri:0, instance:testscript.ManageNewsUpdateTest@6913c1fb]" started-at="2025-09-11T08:40:04 IST" name="validateSaveBtnInManageNews" description="user is able to update Manage News page" finished-at="2025-09-11T08:40:06 IST" duration-ms="1376" status="FAIL">
          <exception class="org.openqa.selenium.StaleElementReferenceException">
            <message>
              <![CDATA[stale element reference: stale element not found
  (Session info: chrome=140.0.7339.81)
For documentation on this error, please visit: https://www.selenium.dev/documentation/webdriver/troubleshooting/errors#stale-element-reference-exception
Build info: version: '4.33.0', revision: '2c6aaad03a'
System info: os.name: 'Windows 11', os.arch: 'amd64', os.version: '10.0', java.version: '23.0.2'
Driver info: org.openqa.selenium.chrome.ChromeDriver
Command: [cfbf720e0d55bbdb8d371ef972539d36, getElementText {id=f.9C34ADB07A72E2D96A9F48D0B4CFAB53.d.528DBC2AB8607A0092FC34AB6896EEA6.e.44}]
Capabilities {acceptInsecureCerts: false, browserName: chrome, browserVersion: 140.0.7339.81, chrome: {chromedriverVersion: 140.0.7339.82 (bc93617e21c3..., userDataDir: C:\Users\user\AppData\Local...}, fedcm:accounts: true, goog:chromeOptions: {debuggerAddress: localhost:62762}, networkConnectionEnabled: false, pageLoadStrategy: normal, platformName: windows, proxy: Proxy(), se:cdp: ws://localhost:62762/devtoo..., se:cdpVersion: 140.0.7339.81, setWindowRect: true, strictFileInteractability: false, timeouts: {implicit: 0, pageLoad: 300000, script: 30000}, unhandledPromptBehavior: dismiss and notify, webauthn:extension:credBlob: true, webauthn:extension:largeBlob: true, webauthn:extension:minPinLength: true, webauthn:extension:prf: true, webauthn:virtualAuthenticators: true}
Element: [[ChromeDriver: chrome on windows (cfbf720e0d55bbdb8d371ef972539d36)] -> xpath: //table[@class='table table-bordered table-hover table-sm']//tbody//tr//td[1]]
Session ID: cfbf720e0d55bbdb8d371ef972539d36]]>
            </message>
            <full-stacktrace>
              <![CDATA[org.openqa.selenium.StaleElementReferenceException: stale element reference: stale element not found
  (Session info: chrome=140.0.7339.81)
For documentation on this error, please visit: https://www.selenium.dev/documentation/webdriver/troubleshooting/errors#stale-element-reference-exception
Build info: version: '4.33.0', revision: '2c6aaad03a'
System info: os.name: 'Windows 11', os.arch: 'amd64', os.version: '10.0', java.version: '23.0.2'
Driver info: org.openqa.selenium.chrome.ChromeDriver
Command: [cfbf720e0d55bbdb8d371ef972539d36, getElementText {id=f.9C34ADB07A72E2D96A9F48D0B4CFAB53.d.528DBC2AB8607A0092FC34AB6896EEA6.e.44}]
Capabilities {acceptInsecureCerts: false, browserName: chrome, browserVersion: 140.0.7339.81, chrome: {chromedriverVersion: 140.0.7339.82 (bc93617e21c3..., userDataDir: C:\Users\user\AppData\Local...}, fedcm:accounts: true, goog:chromeOptions: {debuggerAddress: localhost:62762}, networkConnectionEnabled: false, pageLoadStrategy: normal, platformName: windows, proxy: Proxy(), se:cdp: ws://localhost:62762/devtoo..., se:cdpVersion: 140.0.7339.81, setWindowRect: true, strictFileInteractability: false, timeouts: {implicit: 0, pageLoad: 300000, script: 30000}, unhandledPromptBehavior: dismiss and notify, webauthn:extension:credBlob: true, webauthn:extension:largeBlob: true, webauthn:extension:minPinLength: true, webauthn:extension:prf: true, webauthn:virtualAuthenticators: true}
Element: [[ChromeDriver: chrome on windows (cfbf720e0d55bbdb8d371ef972539d36)] -> xpath: //table[@class='table table-bordered table-hover table-sm']//tbody//tr//td[1]]
Session ID: cfbf720e0d55bbdb8d371ef972539d36
at java.base/jdk.internal.reflect.DirectConstructorHandleAccessor.newInstance(DirectConstructorHandleAccessor.java:62)
at java.base/java.lang.reflect.Constructor.newInstanceWithCaller(Constructor.java:501)
at java.base/java.lang.reflect.Constructor.newInstance(Constructor.java:485)
at org.openqa.selenium.remote.ErrorCodec.decode(ErrorCodec.java:167)
at org.openqa.selenium.remote.codec.w3c.W3CHttpResponseCodec.decode(W3CHttpResponseCodec.java:138)
at org.openqa.selenium.remote.codec.w3c.W3CHttpResponseCodec.decode(W3CHttpResponseCodec.java:50)
at org.openqa.selenium.remote.HttpCommandExecutor.execute(HttpCommandExecutor.java:215)
at org.openqa.selenium.remote.service.DriverCommandExecutor.invokeExecute(DriverCommandExecutor.java:216)
at org.openqa.selenium.remote.service.DriverCommandExecutor.execute(DriverCommandExecutor.java:174)
at org.openqa.selenium.remote.RemoteWebDriver.execute(RemoteWebDriver.java:544)
at org.openqa.selenium.remote.RemoteWebElement.execute(RemoteWebElement.java:223)
at org.openqa.selenium.remote.RemoteWebElement.getText(RemoteWebElement.java:191)
at pages.ManageNewsUpdatePage.tableSerach(ManageNewsUpdatePage.java:72)
at testscript.ManageNewsUpdateTest.validateSaveBtnInManageNews(ManageNewsUpdateTest.java:32)
at java.base/jdk.internal.reflect.DirectMethodHandleAccessor.invoke(DirectMethodHandleAccessor.java:103)
at java.base/java.lang.reflect.Method.invoke(Method.java:580)
at org.testng.internal.invokers.MethodInvocationHelper.invokeMethod(MethodInvocationHelper.java:141)
at org.testng.internal.invokers.TestInvoker.invokeMethod(TestInvoker.java:686)
at org.testng.internal.invokers.TestInvoker.retryFailed(TestInvoker.java:269)
at org.testng.internal.invokers.MethodRunner.runInSequence(MethodRunner.java:76)
at org.testng.internal.invokers.TestInvoker$MethodInvocationAgent.invoke(TestInvoker.java:992)
at org.testng.internal.invokers.TestInvoker.invokeTestMethods(TestInvoker.java:203)
at org.testng.internal.invokers.TestMethodWorker.invokeTestMethods(TestMethodWorker.java:154)
at org.testng.internal.invokers.TestMethodWorker.run(TestMethodWorker.java:134)
at java.base/java.util.ArrayList.forEach(ArrayList.java:1597)
at org.testng.TestRunner.privateRun(TestRunner.java:739)
at org.testng.TestRunner.run(TestRunner.java:614)
at org.testng.SuiteRunner.runTest(SuiteRunner.java:421)
at org.testng.SuiteRunner$SuiteWorker.run(SuiteRunner.java:463)
at org.testng.internal.thread.ThreadUtil.lambda$execute$0(ThreadUtil.java:64)
at java.base/java.util.concurrent.FutureTask.run(FutureTask.java:317)
at java.base/java.util.concurrent.ThreadPoolExecutor.runWorker(ThreadPoolExecutor.java:1144)
at java.base/java.util.concurrent.ThreadPoolExecutor$Worker.run(ThreadPoolExecutor.java:642)
at java.base/java.lang.Thread.run(Thread.java:1575)
]]>
            </full-stacktrace>
          </exception> <!-- org.openqa.selenium.StaleElementReferenceException -->
          <reporter-output>
          </reporter-output>
        </test-method> <!-- validateSaveBtnInManageNews -->
        <test-method is-config="true" signature="browserQuit(org.testng.ITestResult)[pri:0, instance:testscript.ManageNewsUpdateTest@6913c1fb]" started-at="2025-09-11T08:40:06 IST" name="browserQuit" finished-at="2025-09-11T08:40:06 IST" duration-ms="325" status="PASS">
          <params>
            <param index="0">
              <value>
                <![CDATA[[TestResult name=validateSaveBtnInManageNews status=FAILURE method=ManageNewsUpdateTest.validateSaveBtnInManageNews()[pri:0, instance:testscript.ManageNewsUpdateTest@6913c1fb] output={null}]]]>
              </value>
            </param>
          </params>
          <reporter-output>
          </reporter-output>
        </test-method> <!-- browserQuit -->
      </class> <!-- testscript.ManageNewsUpdateTest -->
      <class name="testscript.ManageFooterTest">
        <test-method is-config="true" signature="browserIntialization(java.lang.String)[pri:0, instance:testscript.ManageFooterTest@17f7cd29]" started-at="2025-09-11T08:40:19 IST" name="browserIntialization" finished-at="2025-09-11T08:40:20 IST" duration-ms="1591" status="PASS">
          <params>
            <param index="0">
              <value>
                <![CDATA[chrome]]>
              </value>
            </param>
          </params>
          <reporter-output>
          </reporter-output>
        </test-method> <!-- browserIntialization -->
        <test-method signature="validateUpdatebtnInManageFooterPage()[pri:0, instance:testscript.ManageFooterTest@17f7cd29]" started-at="2025-09-11T08:40:20 IST" name="validateUpdatebtnInManageFooterPage" description="user is able to validate UPDATE BUTTON in the page" finished-at="2025-09-11T08:40:21 IST" duration-ms="1014" status="PASS">
          <reporter-output>
          </reporter-output>
        </test-method> <!-- validateUpdatebtnInManageFooterPage -->
        <test-method is-config="true" signature="browserQuit(org.testng.ITestResult)[pri:0, instance:testscript.ManageFooterTest@17f7cd29]" started-at="2025-09-11T08:40:21 IST" name="browserQuit" finished-at="2025-09-11T08:40:21 IST" duration-ms="186" status="PASS">
          <params>
            <param index="0">
              <value>
                <![CDATA[[TestResult name=validateUpdatebtnInManageFooterPage status=SUCCESS method=ManageFooterTest.validateUpdatebtnInManageFooterPage()[pri:0, instance:testscript.ManageFooterTest@17f7cd29] output={null}]]]>
              </value>
            </param>
          </params>
          <reporter-output>
          </reporter-output>
        </test-method> <!-- browserQuit -->
        <test-method is-config="true" signature="browserIntialization(java.lang.String)[pri:0, instance:testscript.ManageFooterTest@17f7cd29]" started-at="2025-09-11T08:40:21 IST" name="browserIntialization" finished-at="2025-09-11T08:40:23 IST" duration-ms="1382" status="PASS">
          <params>
            <param index="0">
              <value>
                <![CDATA[chrome]]>
              </value>
            </param>
          </params>
          <reporter-output>
          </reporter-output>
        </test-method> <!-- browserIntialization -->
        <test-method signature="verifyUserIsAbletoAccessManageFooterPage()[pri:0, instance:testscript.ManageFooterTest@17f7cd29]" started-at="2025-09-11T08:40:23 IST" name="verifyUserIsAbletoAccessManageFooterPage" description="User is able to access the Manage Footer Page" finished-at="2025-09-11T08:40:25 IST" duration-ms="2174" status="PASS">
          <reporter-output>
          </reporter-output>
        </test-method> <!-- verifyUserIsAbletoAccessManageFooterPage -->
        <test-method is-config="true" signature="browserQuit(org.testng.ITestResult)[pri:0, instance:testscript.ManageFooterTest@17f7cd29]" started-at="2025-09-11T08:40:25 IST" name="browserQuit" finished-at="2025-09-11T08:40:25 IST" duration-ms="328" status="PASS">
          <params>
            <param index="0">
              <value>
                <![CDATA[[TestResult name=verifyUserIsAbletoAccessManageFooterPage status=SUCCESS method=ManageFooterTest.verifyUserIsAbletoAccessManageFooterPage()[pri:0, instance:testscript.ManageFooterTest@17f7cd29] output={null}]]]>
              </value>
            </param>
          </params>
          <reporter-output>
          </reporter-output>
        </test-method> <!-- browserQuit -->
      </class> <!-- testscript.ManageFooterTest -->
      <class name="testscript.ManageContactTest">
        <test-method is-config="true" signature="browserIntialization(java.lang.String)[pri:0, instance:testscript.ManageContactTest@66d18979]" started-at="2025-09-11T08:40:06 IST" name="browserIntialization" finished-at="2025-09-11T08:40:08 IST" duration-ms="1514" status="PASS">
          <params>
            <param index="0">
              <value>
                <![CDATA[chrome]]>
              </value>
            </param>
          </params>
          <reporter-output>
          </reporter-output>
        </test-method> <!-- browserIntialization -->
        <test-method signature="validateUpdateBtnInManageContact()[pri:0, instance:testscript.ManageContactTest@66d18979]" started-at="2025-09-11T08:40:08 IST" name="validateUpdateBtnInManageContact" description=" User his able to validate te UPDATE BUTTON in te page" finished-at="2025-09-11T08:40:09 IST" duration-ms="1360" status="PASS">
          <reporter-output>
          </reporter-output>
        </test-method> <!-- validateUpdateBtnInManageContact -->
        <test-method is-config="true" signature="browserQuit(org.testng.ITestResult)[pri:0, instance:testscript.ManageContactTest@66d18979]" started-at="2025-09-11T08:40:09 IST" name="browserQuit" finished-at="2025-09-11T08:40:09 IST" duration-ms="161" status="PASS">
          <params>
            <param index="0">
              <value>
                <![CDATA[[TestResult name=validateUpdateBtnInManageContact status=SUCCESS method=ManageContactTest.validateUpdateBtnInManageContact()[pri:0, instance:testscript.ManageContactTest@66d18979] output={null}]]]>
              </value>
            </param>
          </params>
          <reporter-output>
          </reporter-output>
        </test-method> <!-- browserQuit -->
        <test-method is-config="true" signature="browserIntialization(java.lang.String)[pri:0, instance:testscript.ManageContactTest@66d18979]" started-at="2025-09-11T08:40:09 IST" name="browserIntialization" finished-at="2025-09-11T08:40:11 IST" duration-ms="1396" status="PASS">
          <params>
            <param index="0">
              <value>
                <![CDATA[chrome]]>
              </value>
            </param>
          </params>
          <reporter-output>
          </reporter-output>
        </test-method> <!-- browserIntialization -->
        <test-method signature="verifyUserisAbleToAccessManageContactPage()[pri:0, instance:testscript.ManageContactTest@66d18979]" started-at="2025-09-11T08:40:11 IST" name="verifyUserisAbleToAccessManageContactPage" description=" User is able to access te Manage Contact Test page" finished-at="2025-09-11T08:40:13 IST" duration-ms="2514" status="PASS">
          <reporter-output>
          </reporter-output>
        </test-method> <!-- verifyUserisAbleToAccessManageContactPage -->
        <test-method is-config="true" signature="browserQuit(org.testng.ITestResult)[pri:0, instance:testscript.ManageContactTest@66d18979]" started-at="2025-09-11T08:40:13 IST" name="browserQuit" finished-at="2025-09-11T08:40:13 IST" duration-ms="179" status="PASS">
          <params>
            <param index="0">
              <value>
                <![CDATA[[TestResult name=verifyUserisAbleToAccessManageContactPage status=SUCCESS method=ManageContactTest.verifyUserisAbleToAccessManageContactPage()[pri:0, instance:testscript.ManageContactTest@66d18979] output={null}]]]>
              </value>
            </param>
          </params>
          <reporter-output>
          </reporter-output>
        </test-method> <!-- browserQuit -->
      </class> <!-- testscript.ManageContactTest -->
      <class name="testscript.AdminUserTest">
        <test-method is-config="true" signature="browserIntialization(java.lang.String)[pri:0, instance:testscript.AdminUserTest@13b6aecc]" started-at="2025-09-11T08:40:33 IST" name="browserIntialization" finished-at="2025-09-11T08:40:35 IST" duration-ms="1330" status="PASS">
          <params>
            <param index="0">
              <value>
                <![CDATA[chrome]]>
              </value>
            </param>
          </params>
          <reporter-output>
          </reporter-output>
        </test-method> <!-- browserIntialization -->
        <test-method signature="verifyUserIsAbletoClickAdminUser()[pri:0, instance:testscript.AdminUserTest@13b6aecc]" started-at="2025-09-11T08:40:35 IST" name="verifyUserIsAbletoClickAdminUser" description="user is able to access te Admin User Page" finished-at="2025-09-11T08:40:37 IST" duration-ms="2034" status="PASS">
          <reporter-output>
          </reporter-output>
        </test-method> <!-- verifyUserIsAbletoClickAdminUser -->
        <test-method is-config="true" signature="browserQuit(org.testng.ITestResult)[pri:0, instance:testscript.AdminUserTest@13b6aecc]" started-at="2025-09-11T08:40:37 IST" name="browserQuit" finished-at="2025-09-11T08:40:37 IST" duration-ms="178" status="PASS">
          <params>
            <param index="0">
              <value>
                <![CDATA[[TestResult name=verifyUserIsAbletoClickAdminUser status=SUCCESS method=AdminUserTest.verifyUserIsAbletoClickAdminUser()[pri:0, instance:testscript.AdminUserTest@13b6aecc] output={null}]]]>
              </value>
            </param>
          </params>
          <reporter-output>
          </reporter-output>
        </test-method> <!-- browserQuit -->
      </class> <!-- testscript.AdminUserTest -->
      <class name="testscript.LoginTest">
        <test-method is-config="true" signature="browserIntialization(java.lang.String)[pri:0, instance:testscript.LoginTest@7d8704ef]" started-at="2025-09-11T08:40:25 IST" name="browserIntialization" finished-at="2025-09-11T08:40:27 IST" duration-ms="1315" status="PASS">
          <params>
            <param index="0">
              <value>
                <![CDATA[chrome]]>
              </value>
            </param>
          </params>
          <reporter-output>
          </reporter-output>
        </test-method> <!-- browserIntialization -->
        <test-method signature="verifyUserIsAbleToLoginUsingInvalidCredentials()[pri:0, instance:testscript.LoginTest@7d8704ef]" started-at="2025-09-11T08:40:27 IST" name="verifyUserIsAbleToLoginUsingInvalidCredentials" description="User is able to login using both invalid credentials" finished-at="2025-09-11T08:40:27 IST" duration-ms="633" status="PASS">
          <reporter-output>
          </reporter-output>
        </test-method> <!-- verifyUserIsAbleToLoginUsingInvalidCredentials -->
        <test-method is-config="true" signature="browserQuit(org.testng.ITestResult)[pri:0, instance:testscript.LoginTest@7d8704ef]" started-at="2025-09-11T08:40:27 IST" name="browserQuit" finished-at="2025-09-11T08:40:27 IST" duration-ms="184" status="PASS">
          <params>
            <param index="0">
              <value>
                <![CDATA[[TestResult name=verifyUserIsAbleToLoginUsingInvalidCredentials status=SUCCESS method=LoginTest.verifyUserIsAbleToLoginUsingInvalidCredentials()[pri:0, instance:testscript.LoginTest@7d8704ef] output={null}]]]>
              </value>
            </param>
          </params>
          <reporter-output>
          </reporter-output>
        </test-method> <!-- browserQuit -->
        <test-method is-config="true" signature="browserIntialization(java.lang.String)[pri:0, instance:testscript.LoginTest@7d8704ef]" started-at="2025-09-11T08:40:27 IST" name="browserIntialization" finished-at="2025-09-11T08:40:29 IST" duration-ms="1453" status="PASS">
          <params>
            <param index="0">
              <value>
                <![CDATA[chrome]]>
              </value>
            </param>
          </params>
          <reporter-output>
          </reporter-output>
        </test-method> <!-- browserIntialization -->
        <test-method signature="verifyUserIsAbleToLoginUsingValidCredentials()[pri:0, instance:testscript.LoginTest@7d8704ef]" started-at="2025-09-11T08:40:29 IST" name="verifyUserIsAbleToLoginUsingValidCredentials" description="User is able to login using valid credential" finished-at="2025-09-11T08:40:29 IST" duration-ms="592" status="PASS">
          <reporter-output>
          </reporter-output>
        </test-method> <!-- verifyUserIsAbleToLoginUsingValidCredentials -->
        <test-method is-config="true" signature="browserQuit(org.testng.ITestResult)[pri:0, instance:testscript.LoginTest@7d8704ef]" started-at="2025-09-11T08:40:29 IST" name="browserQuit" finished-at="2025-09-11T08:40:30 IST" duration-ms="154" status="PASS">
          <params>
            <param index="0">
              <value>
                <![CDATA[[TestResult name=verifyUserIsAbleToLoginUsingValidCredentials status=SUCCESS method=LoginTest.verifyUserIsAbleToLoginUsingValidCredentials()[pri:0, instance:testscript.LoginTest@7d8704ef] output={null}]]]>
              </value>
            </param>
          </params>
          <reporter-output>
          </reporter-output>
        </test-method> <!-- browserQuit -->
        <test-method is-config="true" signature="browserIntialization(java.lang.String)[pri:0, instance:testscript.LoginTest@7d8704ef]" started-at="2025-09-11T08:40:30 IST" name="browserIntialization" finished-at="2025-09-11T08:40:31 IST" duration-ms="1286" status="PASS">
          <params>
            <param index="0">
              <value>
                <![CDATA[chrome]]>
              </value>
            </param>
          </params>
          <reporter-output>
          </reporter-output>
        </test-method> <!-- browserIntialization -->
        <test-method signature="verifyUserIsAbletoLoginUsingInvalidPassword()[pri:0, instance:testscript.LoginTest@7d8704ef]" started-at="2025-09-11T08:40:31 IST" name="verifyUserIsAbletoLoginUsingInvalidPassword" description=" user is able to login invalid password" finished-at="2025-09-11T08:40:31 IST" duration-ms="531" status="PASS">
          <reporter-output>
          </reporter-output>
        </test-method> <!-- verifyUserIsAbletoLoginUsingInvalidPassword -->
        <test-method is-config="true" signature="browserQuit(org.testng.ITestResult)[pri:0, instance:testscript.LoginTest@7d8704ef]" started-at="2025-09-11T08:40:31 IST" name="browserQuit" finished-at="2025-09-11T08:40:32 IST" duration-ms="148" status="PASS">
          <params>
            <param index="0">
              <value>
                <![CDATA[[TestResult name=verifyUserIsAbletoLoginUsingInvalidPassword status=SUCCESS method=LoginTest.verifyUserIsAbletoLoginUsingInvalidPassword()[pri:0, instance:testscript.LoginTest@7d8704ef] output={null}]]]>
              </value>
            </param>
          </params>
          <reporter-output>
          </reporter-output>
        </test-method> <!-- browserQuit -->
        <test-method is-config="true" signature="browserIntialization(java.lang.String)[pri:0, instance:testscript.LoginTest@7d8704ef]" started-at="2025-09-11T08:40:32 IST" name="browserIntialization" finished-at="2025-09-11T08:40:33 IST" duration-ms="1212" status="PASS">
          <params>
            <param index="0">
              <value>
                <![CDATA[chrome]]>
              </value>
            </param>
          </params>
          <reporter-output>
          </reporter-output>
        </test-method> <!-- browserIntialization -->
        <test-method signature="verifyUserisAbleToLoginWithInvalidUsername()[pri:0, instance:testscript.LoginTest@7d8704ef]" started-at="2025-09-11T08:40:33 IST" name="verifyUserisAbleToLoginWithInvalidUsername" description="user is able to login using invalid username" finished-at="2025-09-11T08:40:33 IST" duration-ms="492" status="PASS">
          <reporter-output>
          </reporter-output>
        </test-method> <!-- verifyUserisAbleToLoginWithInvalidUsername -->
        <test-method is-config="true" signature="browserQuit(org.testng.ITestResult)[pri:0, instance:testscript.LoginTest@7d8704ef]" started-at="2025-09-11T08:40:33 IST" name="browserQuit" finished-at="2025-09-11T08:40:33 IST" duration-ms="196" status="PASS">
          <params>
            <param index="0">
              <value>
                <![CDATA[[TestResult name=verifyUserisAbleToLoginWithInvalidUsername status=SUCCESS method=LoginTest.verifyUserisAbleToLoginWithInvalidUsername()[pri:0, instance:testscript.LoginTest@7d8704ef] output={null}]]]>
              </value>
            </param>
          </params>
          <reporter-output>
          </reporter-output>
        </test-method> <!-- browserQuit -->
      </class> <!-- testscript.LoginTest -->
      <class name="testscript.ManageCategoryTest">
        <test-method is-config="true" signature="browserIntialization(java.lang.String)[pri:0, instance:testscript.ManageCategoryTest@45c7e403]" started-at="2025-09-11T08:39:52 IST" name="browserIntialization" finished-at="2025-09-11T08:39:55 IST" duration-ms="2322" status="PASS">
          <params>
            <param index="0">
              <value>
                <![CDATA[chrome]]>
              </value>
            </param>
          </params>
          <reporter-output>
          </reporter-output>
        </test-method> <!-- browserIntialization -->
        <test-method signature="verifyuserIsAbleToAccessManageCategoryPage()[pri:0, instance:testscript.ManageCategoryTest@45c7e403]" started-at="2025-09-11T08:39:55 IST" name="verifyuserIsAbleToAccessManageCategoryPage" description=" User is able to access Manage Catergory Page" finished-at="2025-09-11T08:39:57 IST" duration-ms="2588" status="PASS">
          <reporter-output>
          </reporter-output>
        </test-method> <!-- verifyuserIsAbleToAccessManageCategoryPage -->
        <test-method is-config="true" signature="browserQuit(org.testng.ITestResult)[pri:0, instance:testscript.ManageCategoryTest@45c7e403]" started-at="2025-09-11T08:39:57 IST" name="browserQuit" finished-at="2025-09-11T08:39:57 IST" duration-ms="201" status="PASS">
          <params>
            <param index="0">
              <value>
                <![CDATA[[TestResult name=verifyuserIsAbleToAccessManageCategoryPage status=SUCCESS method=ManageCategoryTest.verifyuserIsAbleToAccessManageCategoryPage()[pri:0, instance:testscript.ManageCategoryTest@45c7e403] output={null}]]]>
              </value>
            </param>
          </params>
          <reporter-output>
          </reporter-output>
        </test-method> <!-- browserQuit -->
      </class> <!-- testscript.ManageCategoryTest -->
    </test> <!-- chromeTest -->
    <test started-at="2025-09-11T08:39:52 IST" name="EdgeTest" finished-at="2025-09-11T08:43:32 IST" duration-ms="220075">
      <class name="testscript.ManageNewsTest">
        <test-method is-config="true" signature="browserIntialization(java.lang.String)[pri:0, instance:testscript.ManageNewsTest@3571b748]" started-at="2025-09-11T08:41:22 IST" name="browserIntialization" finished-at="2025-09-11T08:41:34 IST" duration-ms="11827" status="PASS">
          <params>
            <param index="0">
              <value>
                <![CDATA[Edge]]>
              </value>
            </param>
          </params>
          <reporter-output>
          </reporter-output>
        </test-method> <!-- browserIntialization -->
        <test-method signature="verifyUserisAbleToAccessManageNewsPage()[pri:0, instance:testscript.ManageNewsTest@3571b748]" started-at="2025-09-11T08:41:34 IST" name="verifyUserisAbleToAccessManageNewsPage" description="User is able to access the Manage News Page" finished-at="2025-09-11T08:41:36 IST" duration-ms="1456" status="PASS">
          <reporter-output>
          </reporter-output>
        </test-method> <!-- verifyUserisAbleToAccessManageNewsPage -->
        <test-method is-config="true" signature="browserQuit(org.testng.ITestResult)[pri:0, instance:testscript.ManageNewsTest@3571b748]" started-at="2025-09-11T08:41:36 IST" name="browserQuit" finished-at="2025-09-11T08:41:36 IST" duration-ms="192" status="PASS">
          <params>
            <param index="0">
              <value>
                <![CDATA[[TestResult name=verifyUserisAbleToAccessManageNewsPage status=SUCCESS method=ManageNewsTest.verifyUserisAbleToAccessManageNewsPage()[pri:0, instance:testscript.ManageNewsTest@3571b748] output={null}]]]>
              </value>
            </param>
          </params>
          <reporter-output>
          </reporter-output>
        </test-method> <!-- browserQuit -->
      </class> <!-- testscript.ManageNewsTest -->
      <class name="testscript.LogOutTest">
        <test-method is-config="true" signature="browserIntialization(java.lang.String)[pri:0, instance:testscript.LogOutTest@3e96bacf]" started-at="2025-09-11T08:41:36 IST" name="browserIntialization" finished-at="2025-09-11T08:41:48 IST" duration-ms="12395" status="PASS">
          <params>
            <param index="0">
              <value>
                <![CDATA[Edge]]>
              </value>
            </param>
          </params>
          <reporter-output>
          </reporter-output>
        </test-method> <!-- browserIntialization -->
        <test-method signature="verifyUserisAbleToLout()[pri:0, instance:testscript.LogOutTest@3e96bacf]" started-at="2025-09-11T08:41:48 IST" name="verifyUserisAbleToLout" description="user is able to logout" finished-at="2025-09-11T08:41:49 IST" duration-ms="876" status="PASS">
          <reporter-output>
          </reporter-output>
        </test-method> <!-- verifyUserisAbleToLout -->
        <test-method is-config="true" signature="browserQuit(org.testng.ITestResult)[pri:0, instance:testscript.LogOutTest@3e96bacf]" started-at="2025-09-11T08:41:49 IST" name="browserQuit" finished-at="2025-09-11T08:41:49 IST" duration-ms="191" status="PASS">
          <params>
            <param index="0">
              <value>
                <![CDATA[[TestResult name=verifyUserisAbleToLout status=SUCCESS method=LogOutTest.verifyUserisAbleToLout()[pri:0, instance:testscript.LogOutTest@3e96bacf] output={null}]]]>
              </value>
            </param>
          </params>
          <reporter-output>
          </reporter-output>
        </test-method> <!-- browserQuit -->
      </class> <!-- testscript.LogOutTest -->
      <class name="testscript.ManageNewsUpdateTest">
        <test-method is-config="true" signature="browserIntialization(java.lang.String)[pri:0, instance:testscript.ManageNewsUpdateTest@2b4bac49]" started-at="2025-09-11T08:40:10 IST" name="browserIntialization" finished-at="2025-09-11T08:40:25 IST" duration-ms="14888" status="PASS">
          <params>
            <param index="0">
              <value>
                <![CDATA[Edge]]>
              </value>
            </param>
          </params>
          <reporter-output>
          </reporter-output>
        </test-method> <!-- browserIntialization -->
        <test-method retried="true" signature="validateSaveBtnInManageNews()[pri:0, instance:testscript.ManageNewsUpdateTest@2b4bac49]" started-at="2025-09-11T08:40:25 IST" name="validateSaveBtnInManageNews" description="user is able to update Manage News page" finished-at="2025-09-11T08:40:27 IST" duration-ms="1741" status="SKIP">
          <exception class="org.openqa.selenium.NoSuchElementException">
            <message>
              <![CDATA[no such element: Unable to locate element: {"method":"xpath","selector":"//textarea[@id='news']"}
  (Session info: MicrosoftEdge=140.0.3485.54)
For documentation on this error, please visit: https://www.selenium.dev/documentation/webdriver/troubleshooting/errors#no-such-element-exception
Build info: version: '4.33.0', revision: '2c6aaad03a'
System info: os.name: 'Windows 11', os.arch: 'amd64', os.version: '10.0', java.version: '23.0.2'
Driver info: org.openqa.selenium.edge.EdgeDriver
Command: [201ae26df736a83733fcfb6f130397af, findElement {using=xpath, value=//textarea[@id='news']}]
Capabilities {acceptInsecureCerts: false, browserName: MicrosoftEdge, browserVersion: 140.0.3485.54, fedcm:accounts: true, ms:edgeOptions: {debuggerAddress: localhost:62932}, msedge: {msedgedriverVersion: 140.0.3485.54 (3cc379a8a5fb..., userDataDir: C:\Users\user\AppData\Local...}, networkConnectionEnabled: false, pageLoadStrategy: normal, platformName: windows, proxy: Proxy(), se:cdp: ws://localhost:62932/devtoo..., se:cdpVersion: 140.0.3485.54, setWindowRect: true, strictFileInteractability: false, timeouts: {implicit: 0, pageLoad: 300000, script: 30000}, unhandledPromptBehavior: dismiss and notify, webauthn:extension:credBlob: true, webauthn:extension:largeBlob: true, webauthn:extension:minPinLength: true, webauthn:extension:prf: true, webauthn:virtualAuthenticators: true}
Session ID: 201ae26df736a83733fcfb6f130397af]]>
            </message>
            <full-stacktrace>
              <![CDATA[org.openqa.selenium.NoSuchElementException: no such element: Unable to locate element: {"method":"xpath","selector":"//textarea[@id='news']"}
  (Session info: MicrosoftEdge=140.0.3485.54)
For documentation on this error, please visit: https://www.selenium.dev/documentation/webdriver/troubleshooting/errors#no-such-element-exception
Build info: version: '4.33.0', revision: '2c6aaad03a'
System info: os.name: 'Windows 11', os.arch: 'amd64', os.version: '10.0', java.version: '23.0.2'
Driver info: org.openqa.selenium.edge.EdgeDriver
Command: [201ae26df736a83733fcfb6f130397af, findElement {using=xpath, value=//textarea[@id='news']}]
Capabilities {acceptInsecureCerts: false, browserName: MicrosoftEdge, browserVersion: 140.0.3485.54, fedcm:accounts: true, ms:edgeOptions: {debuggerAddress: localhost:62932}, msedge: {msedgedriverVersion: 140.0.3485.54 (3cc379a8a5fb..., userDataDir: C:\Users\user\AppData\Local...}, networkConnectionEnabled: false, pageLoadStrategy: normal, platformName: windows, proxy: Proxy(), se:cdp: ws://localhost:62932/devtoo..., se:cdpVersion: 140.0.3485.54, setWindowRect: true, strictFileInteractability: false, timeouts: {implicit: 0, pageLoad: 300000, script: 30000}, unhandledPromptBehavior: dismiss and notify, webauthn:extension:credBlob: true, webauthn:extension:largeBlob: true, webauthn:extension:minPinLength: true, webauthn:extension:prf: true, webauthn:virtualAuthenticators: true}
Session ID: 201ae26df736a83733fcfb6f130397af
at java.base/jdk.internal.reflect.DirectConstructorHandleAccessor.newInstance(DirectConstructorHandleAccessor.java:62)
at java.base/java.lang.reflect.Constructor.newInstanceWithCaller(Constructor.java:501)
at java.base/java.lang.reflect.Constructor.newInstance(Constructor.java:485)
at org.openqa.selenium.remote.ErrorCodec.decode(ErrorCodec.java:167)
at org.openqa.selenium.remote.codec.w3c.W3CHttpResponseCodec.decode(W3CHttpResponseCodec.java:138)
at org.openqa.selenium.remote.codec.w3c.W3CHttpResponseCodec.decode(W3CHttpResponseCodec.java:50)
at org.openqa.selenium.remote.HttpCommandExecutor.execute(HttpCommandExecutor.java:215)
at org.openqa.selenium.remote.service.DriverCommandExecutor.invokeExecute(DriverCommandExecutor.java:216)
at org.openqa.selenium.remote.service.DriverCommandExecutor.execute(DriverCommandExecutor.java:174)
at org.openqa.selenium.remote.RemoteWebDriver.execute(RemoteWebDriver.java:544)
at org.openqa.selenium.remote.ElementLocation$ElementFinder$2.findElement(ElementLocation.java:165)
at org.openqa.selenium.remote.ElementLocation.findElement(ElementLocation.java:59)
at org.openqa.selenium.remote.RemoteWebDriver.findElement(RemoteWebDriver.java:367)
at org.openqa.selenium.remote.RemoteWebDriver.findElement(RemoteWebDriver.java:361)
at org.openqa.selenium.support.pagefactory.DefaultElementLocator.findElement(DefaultElementLocator.java:68)
at org.openqa.selenium.support.pagefactory.internal.LocatingElementHandler.invoke(LocatingElementHandler.java:38)
at jdk.proxy2/jdk.proxy2.$Proxy13.clear(Unknown Source)
at pages.ManageNewsUpdatePage.enterTextMsg(ManageNewsUpdatePage.java:95)
at testscript.ManageNewsUpdateTest.validateSaveBtnInManageNews(ManageNewsUpdateTest.java:32)
at java.base/jdk.internal.reflect.DirectMethodHandleAccessor.invoke(DirectMethodHandleAccessor.java:103)
at java.base/java.lang.reflect.Method.invoke(Method.java:580)
at org.testng.internal.invokers.MethodInvocationHelper.invokeMethod(MethodInvocationHelper.java:141)
at org.testng.internal.invokers.TestInvoker.invokeMethod(TestInvoker.java:686)
at org.testng.internal.invokers.TestInvoker.invokeTestMethod(TestInvoker.java:230)
at org.testng.internal.invokers.MethodRunner.runInSequence(MethodRunner.java:63)
at org.testng.internal.invokers.TestInvoker$MethodInvocationAgent.invoke(TestInvoker.java:992)
at org.testng.internal.invokers.TestInvoker.invokeTestMethods(TestInvoker.java:203)
at org.testng.internal.invokers.TestMethodWorker.invokeTestMethods(TestMethodWorker.java:154)
at org.testng.internal.invokers.TestMethodWorker.run(TestMethodWorker.java:134)
at java.base/java.util.ArrayList.forEach(ArrayList.java:1597)
at org.testng.TestRunner.privateRun(TestRunner.java:739)
at org.testng.TestRunner.run(TestRunner.java:614)
at org.testng.SuiteRunner.runTest(SuiteRunner.java:421)
at org.testng.SuiteRunner$SuiteWorker.run(SuiteRunner.java:463)
at org.testng.internal.thread.ThreadUtil.lambda$execute$0(ThreadUtil.java:64)
at java.base/java.util.concurrent.FutureTask.run(FutureTask.java:317)
at java.base/java.util.concurrent.ThreadPoolExecutor.runWorker(ThreadPoolExecutor.java:1144)
at java.base/java.util.concurrent.ThreadPoolExecutor$Worker.run(ThreadPoolExecutor.java:642)
at java.base/java.lang.Thread.run(Thread.java:1575)
]]>
            </full-stacktrace>
          </exception> <!-- org.openqa.selenium.NoSuchElementException -->
          <reporter-output>
          </reporter-output>
        </test-method> <!-- validateSaveBtnInManageNews -->
        <test-method is-config="true" signature="browserQuit(org.testng.ITestResult)[pri:0, instance:testscript.ManageNewsUpdateTest@2b4bac49]" started-at="2025-09-11T08:40:27 IST" name="browserQuit" finished-at="2025-09-11T08:40:27 IST" duration-ms="217" status="PASS">
          <params>
            <param index="0">
              <value>
                <![CDATA[[TestResult name=validateSaveBtnInManageNews status=SKIP method=ManageNewsUpdateTest.validateSaveBtnInManageNews()[pri:0, instance:testscript.ManageNewsUpdateTest@2b4bac49] output={null}]]]>
              </value>
            </param>
          </params>
          <reporter-output>
          </reporter-output>
        </test-method> <!-- browserQuit -->
        <test-method is-config="true" signature="browserIntialization(java.lang.String)[pri:0, instance:testscript.ManageNewsUpdateTest@2b4bac49]" started-at="2025-09-11T08:40:27 IST" name="browserIntialization" finished-at="2025-09-11T08:40:38 IST" duration-ms="11342" status="PASS">
          <params>
            <param index="0">
              <value>
                <![CDATA[Edge]]>
              </value>
            </param>
          </params>
          <reporter-output>
          </reporter-output>
        </test-method> <!-- browserIntialization -->
        <test-method retried="true" signature="validateSaveBtnInManageNews()[pri:0, instance:testscript.ManageNewsUpdateTest@2b4bac49]" started-at="2025-09-11T08:40:38 IST" name="validateSaveBtnInManageNews" description="user is able to update Manage News page" finished-at="2025-09-11T08:40:40 IST" duration-ms="1280" status="SKIP">
          <exception class="org.openqa.selenium.StaleElementReferenceException">
            <message>
              <![CDATA[stale element reference: stale element not found
  (Session info: MicrosoftEdge=140.0.3485.54)
For documentation on this error, please visit: https://www.selenium.dev/documentation/webdriver/troubleshooting/errors#stale-element-reference-exception
Build info: version: '4.33.0', revision: '2c6aaad03a'
System info: os.name: 'Windows 11', os.arch: 'amd64', os.version: '10.0', java.version: '23.0.2'
Driver info: org.openqa.selenium.edge.EdgeDriver
Command: [8cc797123185ec8e4c6d85e94f193ea8, getElementText {id=f.F517D052A663A0E309ECE7952D7B8939.d.42BA4EC3F72E6C725BD6BDBD45B20A40.e.45}]
Capabilities {acceptInsecureCerts: false, browserName: MicrosoftEdge, browserVersion: 140.0.3485.54, fedcm:accounts: true, ms:edgeOptions: {debuggerAddress: localhost:63061}, msedge: {msedgedriverVersion: 140.0.3485.54 (3cc379a8a5fb..., userDataDir: C:\Users\user\AppData\Local...}, networkConnectionEnabled: false, pageLoadStrategy: normal, platformName: windows, proxy: Proxy(), se:cdp: ws://localhost:63061/devtoo..., se:cdpVersion: 140.0.3485.54, setWindowRect: true, strictFileInteractability: false, timeouts: {implicit: 0, pageLoad: 300000, script: 30000}, unhandledPromptBehavior: dismiss and notify, webauthn:extension:credBlob: true, webauthn:extension:largeBlob: true, webauthn:extension:minPinLength: true, webauthn:extension:prf: true, webauthn:virtualAuthenticators: true}
Element: [[EdgeDriver: MicrosoftEdge on windows (8cc797123185ec8e4c6d85e94f193ea8)] -> xpath: //table[@class='table table-bordered table-hover table-sm']//tbody//tr//td[1]]
Session ID: 8cc797123185ec8e4c6d85e94f193ea8]]>
            </message>
            <full-stacktrace>
              <![CDATA[org.openqa.selenium.StaleElementReferenceException: stale element reference: stale element not found
  (Session info: MicrosoftEdge=140.0.3485.54)
For documentation on this error, please visit: https://www.selenium.dev/documentation/webdriver/troubleshooting/errors#stale-element-reference-exception
Build info: version: '4.33.0', revision: '2c6aaad03a'
System info: os.name: 'Windows 11', os.arch: 'amd64', os.version: '10.0', java.version: '23.0.2'
Driver info: org.openqa.selenium.edge.EdgeDriver
Command: [8cc797123185ec8e4c6d85e94f193ea8, getElementText {id=f.F517D052A663A0E309ECE7952D7B8939.d.42BA4EC3F72E6C725BD6BDBD45B20A40.e.45}]
Capabilities {acceptInsecureCerts: false, browserName: MicrosoftEdge, browserVersion: 140.0.3485.54, fedcm:accounts: true, ms:edgeOptions: {debuggerAddress: localhost:63061}, msedge: {msedgedriverVersion: 140.0.3485.54 (3cc379a8a5fb..., userDataDir: C:\Users\user\AppData\Local...}, networkConnectionEnabled: false, pageLoadStrategy: normal, platformName: windows, proxy: Proxy(), se:cdp: ws://localhost:63061/devtoo..., se:cdpVersion: 140.0.3485.54, setWindowRect: true, strictFileInteractability: false, timeouts: {implicit: 0, pageLoad: 300000, script: 30000}, unhandledPromptBehavior: dismiss and notify, webauthn:extension:credBlob: true, webauthn:extension:largeBlob: true, webauthn:extension:minPinLength: true, webauthn:extension:prf: true, webauthn:virtualAuthenticators: true}
Element: [[EdgeDriver: MicrosoftEdge on windows (8cc797123185ec8e4c6d85e94f193ea8)] -> xpath: //table[@class='table table-bordered table-hover table-sm']//tbody//tr//td[1]]
Session ID: 8cc797123185ec8e4c6d85e94f193ea8
at java.base/jdk.internal.reflect.DirectConstructorHandleAccessor.newInstance(DirectConstructorHandleAccessor.java:62)
at java.base/java.lang.reflect.Constructor.newInstanceWithCaller(Constructor.java:501)
at java.base/java.lang.reflect.Constructor.newInstance(Constructor.java:485)
at org.openqa.selenium.remote.ErrorCodec.decode(ErrorCodec.java:167)
at org.openqa.selenium.remote.codec.w3c.W3CHttpResponseCodec.decode(W3CHttpResponseCodec.java:138)
at org.openqa.selenium.remote.codec.w3c.W3CHttpResponseCodec.decode(W3CHttpResponseCodec.java:50)
at org.openqa.selenium.remote.HttpCommandExecutor.execute(HttpCommandExecutor.java:215)
at org.openqa.selenium.remote.service.DriverCommandExecutor.invokeExecute(DriverCommandExecutor.java:216)
at org.openqa.selenium.remote.service.DriverCommandExecutor.execute(DriverCommandExecutor.java:174)
at org.openqa.selenium.remote.RemoteWebDriver.execute(RemoteWebDriver.java:544)
at org.openqa.selenium.remote.RemoteWebElement.execute(RemoteWebElement.java:223)
at org.openqa.selenium.remote.RemoteWebElement.getText(RemoteWebElement.java:191)
at pages.ManageNewsUpdatePage.tableSerach(ManageNewsUpdatePage.java:72)
at testscript.ManageNewsUpdateTest.validateSaveBtnInManageNews(ManageNewsUpdateTest.java:32)
at java.base/jdk.internal.reflect.DirectMethodHandleAccessor.invoke(DirectMethodHandleAccessor.java:103)
at java.base/java.lang.reflect.Method.invoke(Method.java:580)
at org.testng.internal.invokers.MethodInvocationHelper.invokeMethod(MethodInvocationHelper.java:141)
at org.testng.internal.invokers.TestInvoker.invokeMethod(TestInvoker.java:686)
at org.testng.internal.invokers.TestInvoker.retryFailed(TestInvoker.java:269)
at org.testng.internal.invokers.MethodRunner.runInSequence(MethodRunner.java:76)
at org.testng.internal.invokers.TestInvoker$MethodInvocationAgent.invoke(TestInvoker.java:992)
at org.testng.internal.invokers.TestInvoker.invokeTestMethods(TestInvoker.java:203)
at org.testng.internal.invokers.TestMethodWorker.invokeTestMethods(TestMethodWorker.java:154)
at org.testng.internal.invokers.TestMethodWorker.run(TestMethodWorker.java:134)
at java.base/java.util.ArrayList.forEach(ArrayList.java:1597)
at org.testng.TestRunner.privateRun(TestRunner.java:739)
at org.testng.TestRunner.run(TestRunner.java:614)
at org.testng.SuiteRunner.runTest(SuiteRunner.java:421)
at org.testng.SuiteRunner$SuiteWorker.run(SuiteRunner.java:463)
at org.testng.internal.thread.ThreadUtil.lambda$execute$0(ThreadUtil.java:64)
at java.base/java.util.concurrent.FutureTask.run(FutureTask.java:317)
at java.base/java.util.concurrent.ThreadPoolExecutor.runWorker(ThreadPoolExecutor.java:1144)
at java.base/java.util.concurrent.ThreadPoolExecutor$Worker.run(ThreadPoolExecutor.java:642)
at java.base/java.lang.Thread.run(Thread.java:1575)
]]>
            </full-stacktrace>
          </exception> <!-- org.openqa.selenium.StaleElementReferenceException -->
          <reporter-output>
          </reporter-output>
        </test-method> <!-- validateSaveBtnInManageNews -->
        <test-method is-config="true" signature="browserQuit(org.testng.ITestResult)[pri:0, instance:testscript.ManageNewsUpdateTest@2b4bac49]" started-at="2025-09-11T08:40:40 IST" name="browserQuit" finished-at="2025-09-11T08:40:40 IST" duration-ms="192" status="PASS">
          <params>
            <param index="0">
              <value>
                <![CDATA[[TestResult name=validateSaveBtnInManageNews status=SKIP method=ManageNewsUpdateTest.validateSaveBtnInManageNews()[pri:0, instance:testscript.ManageNewsUpdateTest@2b4bac49] output={null}]]]>
              </value>
            </param>
          </params>
          <reporter-output>
          </reporter-output>
        </test-method> <!-- browserQuit -->
        <test-method is-config="true" signature="browserIntialization(java.lang.String)[pri:0, instance:testscript.ManageNewsUpdateTest@2b4bac49]" started-at="2025-09-11T08:40:40 IST" name="browserIntialization" finished-at="2025-09-11T08:40:53 IST" duration-ms="12946" status="PASS">
          <params>
            <param index="0">
              <value>
                <![CDATA[Edge]]>
              </value>
            </param>
          </params>
          <reporter-output>
          </reporter-output>
        </test-method> <!-- browserIntialization -->
        <test-method signature="validateSaveBtnInManageNews()[pri:0, instance:testscript.ManageNewsUpdateTest@2b4bac49]" started-at="2025-09-11T08:40:53 IST" name="validateSaveBtnInManageNews" description="user is able to update Manage News page" finished-at="2025-09-11T08:40:54 IST" duration-ms="1210" status="FAIL">
          <exception class="org.openqa.selenium.NoSuchElementException">
            <message>
              <![CDATA[no such element: Unable to locate element: {"method":"xpath","selector":"//textarea[@id='news']"}
  (Session info: MicrosoftEdge=140.0.3485.54)
For documentation on this error, please visit: https://www.selenium.dev/documentation/webdriver/troubleshooting/errors#no-such-element-exception
Build info: version: '4.33.0', revision: '2c6aaad03a'
System info: os.name: 'Windows 11', os.arch: 'amd64', os.version: '10.0', java.version: '23.0.2'
Driver info: org.openqa.selenium.edge.EdgeDriver
Command: [c00356c8251275ccff02e1c0749fef36, findElement {using=xpath, value=//textarea[@id='news']}]
Capabilities {acceptInsecureCerts: false, browserName: MicrosoftEdge, browserVersion: 140.0.3485.54, fedcm:accounts: true, ms:edgeOptions: {debuggerAddress: localhost:50403}, msedge: {msedgedriverVersion: 140.0.3485.54 (3cc379a8a5fb..., userDataDir: C:\Users\user\AppData\Local...}, networkConnectionEnabled: false, pageLoadStrategy: normal, platformName: windows, proxy: Proxy(), se:cdp: ws://localhost:50403/devtoo..., se:cdpVersion: 140.0.3485.54, setWindowRect: true, strictFileInteractability: false, timeouts: {implicit: 0, pageLoad: 300000, script: 30000}, unhandledPromptBehavior: dismiss and notify, webauthn:extension:credBlob: true, webauthn:extension:largeBlob: true, webauthn:extension:minPinLength: true, webauthn:extension:prf: true, webauthn:virtualAuthenticators: true}
Session ID: c00356c8251275ccff02e1c0749fef36]]>
            </message>
            <full-stacktrace>
              <![CDATA[org.openqa.selenium.NoSuchElementException: no such element: Unable to locate element: {"method":"xpath","selector":"//textarea[@id='news']"}
  (Session info: MicrosoftEdge=140.0.3485.54)
For documentation on this error, please visit: https://www.selenium.dev/documentation/webdriver/troubleshooting/errors#no-such-element-exception
Build info: version: '4.33.0', revision: '2c6aaad03a'
System info: os.name: 'Windows 11', os.arch: 'amd64', os.version: '10.0', java.version: '23.0.2'
Driver info: org.openqa.selenium.edge.EdgeDriver
Command: [c00356c8251275ccff02e1c0749fef36, findElement {using=xpath, value=//textarea[@id='news']}]
Capabilities {acceptInsecureCerts: false, browserName: MicrosoftEdge, browserVersion: 140.0.3485.54, fedcm:accounts: true, ms:edgeOptions: {debuggerAddress: localhost:50403}, msedge: {msedgedriverVersion: 140.0.3485.54 (3cc379a8a5fb..., userDataDir: C:\Users\user\AppData\Local...}, networkConnectionEnabled: false, pageLoadStrategy: normal, platformName: windows, proxy: Proxy(), se:cdp: ws://localhost:50403/devtoo..., se:cdpVersion: 140.0.3485.54, setWindowRect: true, strictFileInteractability: false, timeouts: {implicit: 0, pageLoad: 300000, script: 30000}, unhandledPromptBehavior: dismiss and notify, webauthn:extension:credBlob: true, webauthn:extension:largeBlob: true, webauthn:extension:minPinLength: true, webauthn:extension:prf: true, webauthn:virtualAuthenticators: true}
Session ID: c00356c8251275ccff02e1c0749fef36
at java.base/jdk.internal.reflect.DirectConstructorHandleAccessor.newInstance(DirectConstructorHandleAccessor.java:62)
at java.base/java.lang.reflect.Constructor.newInstanceWithCaller(Constructor.java:501)
at java.base/java.lang.reflect.Constructor.newInstance(Constructor.java:485)
at org.openqa.selenium.remote.ErrorCodec.decode(ErrorCodec.java:167)
at org.openqa.selenium.remote.codec.w3c.W3CHttpResponseCodec.decode(W3CHttpResponseCodec.java:138)
at org.openqa.selenium.remote.codec.w3c.W3CHttpResponseCodec.decode(W3CHttpResponseCodec.java:50)
at org.openqa.selenium.remote.HttpCommandExecutor.execute(HttpCommandExecutor.java:215)
at org.openqa.selenium.remote.service.DriverCommandExecutor.invokeExecute(DriverCommandExecutor.java:216)
at org.openqa.selenium.remote.service.DriverCommandExecutor.execute(DriverCommandExecutor.java:174)
at org.openqa.selenium.remote.RemoteWebDriver.execute(RemoteWebDriver.java:544)
at org.openqa.selenium.remote.ElementLocation$ElementFinder$2.findElement(ElementLocation.java:165)
at org.openqa.selenium.remote.ElementLocation.findElement(ElementLocation.java:59)
at org.openqa.selenium.remote.RemoteWebDriver.findElement(RemoteWebDriver.java:367)
at org.openqa.selenium.remote.RemoteWebDriver.findElement(RemoteWebDriver.java:361)
at org.openqa.selenium.support.pagefactory.DefaultElementLocator.findElement(DefaultElementLocator.java:68)
at org.openqa.selenium.support.pagefactory.internal.LocatingElementHandler.invoke(LocatingElementHandler.java:38)
at jdk.proxy2/jdk.proxy2.$Proxy13.clear(Unknown Source)
at pages.ManageNewsUpdatePage.enterTextMsg(ManageNewsUpdatePage.java:95)
at testscript.ManageNewsUpdateTest.validateSaveBtnInManageNews(ManageNewsUpdateTest.java:32)
at java.base/jdk.internal.reflect.DirectMethodHandleAccessor.invoke(DirectMethodHandleAccessor.java:103)
at java.base/java.lang.reflect.Method.invoke(Method.java:580)
at org.testng.internal.invokers.MethodInvocationHelper.invokeMethod(MethodInvocationHelper.java:141)
at org.testng.internal.invokers.TestInvoker.invokeMethod(TestInvoker.java:686)
at org.testng.internal.invokers.TestInvoker.retryFailed(TestInvoker.java:269)
at org.testng.internal.invokers.MethodRunner.runInSequence(MethodRunner.java:76)
at org.testng.internal.invokers.TestInvoker$MethodInvocationAgent.invoke(TestInvoker.java:992)
at org.testng.internal.invokers.TestInvoker.invokeTestMethods(TestInvoker.java:203)
at org.testng.internal.invokers.TestMethodWorker.invokeTestMethods(TestMethodWorker.java:154)
at org.testng.internal.invokers.TestMethodWorker.run(TestMethodWorker.java:134)
at java.base/java.util.ArrayList.forEach(ArrayList.java:1597)
at org.testng.TestRunner.privateRun(TestRunner.java:739)
at org.testng.TestRunner.run(TestRunner.java:614)
at org.testng.SuiteRunner.runTest(SuiteRunner.java:421)
at org.testng.SuiteRunner$SuiteWorker.run(SuiteRunner.java:463)
at org.testng.internal.thread.ThreadUtil.lambda$execute$0(ThreadUtil.java:64)
at java.base/java.util.concurrent.FutureTask.run(FutureTask.java:317)
at java.base/java.util.concurrent.ThreadPoolExecutor.runWorker(ThreadPoolExecutor.java:1144)
at java.base/java.util.concurrent.ThreadPoolExecutor$Worker.run(ThreadPoolExecutor.java:642)
at java.base/java.lang.Thread.run(Thread.java:1575)
]]>
            </full-stacktrace>
          </exception> <!-- org.openqa.selenium.NoSuchElementException -->
          <reporter-output>
          </reporter-output>
        </test-method> <!-- validateSaveBtnInManageNews -->
        <test-method is-config="true" signature="browserQuit(org.testng.ITestResult)[pri:0, instance:testscript.ManageNewsUpdateTest@2b4bac49]" started-at="2025-09-11T08:40:54 IST" name="browserQuit" finished-at="2025-09-11T08:40:54 IST" duration-ms="325" status="PASS">
          <params>
            <param index="0">
              <value>
                <![CDATA[[TestResult name=validateSaveBtnInManageNews status=FAILURE method=ManageNewsUpdateTest.validateSaveBtnInManageNews()[pri:0, instance:testscript.ManageNewsUpdateTest@2b4bac49] output={null}]]]>
              </value>
            </param>
          </params>
          <reporter-output>
          </reporter-output>
        </test-method> <!-- browserQuit -->
      </class> <!-- testscript.ManageNewsUpdateTest -->
      <class name="testscript.ManageFooterTest">
        <test-method is-config="true" signature="browserIntialization(java.lang.String)[pri:0, instance:testscript.ManageFooterTest@484970b0]" started-at="2025-09-11T08:41:49 IST" name="browserIntialization" finished-at="2025-09-11T08:42:01 IST" duration-ms="11525" status="PASS">
          <params>
            <param index="0">
              <value>
                <![CDATA[Edge]]>
              </value>
            </param>
          </params>
          <reporter-output>
          </reporter-output>
        </test-method> <!-- browserIntialization -->
        <test-method signature="validateUpdatebtnInManageFooterPage()[pri:0, instance:testscript.ManageFooterTest@484970b0]" started-at="2025-09-11T08:42:01 IST" name="validateUpdatebtnInManageFooterPage" description="user is able to validate UPDATE BUTTON in the page" finished-at="2025-09-11T08:42:02 IST" duration-ms="1015" status="PASS">
          <reporter-output>
          </reporter-output>
        </test-method> <!-- validateUpdatebtnInManageFooterPage -->
        <test-method is-config="true" signature="browserQuit(org.testng.ITestResult)[pri:0, instance:testscript.ManageFooterTest@484970b0]" started-at="2025-09-11T08:42:02 IST" name="browserQuit" finished-at="2025-09-11T08:42:02 IST" duration-ms="188" status="PASS">
          <params>
            <param index="0">
              <value>
                <![CDATA[[TestResult name=validateUpdatebtnInManageFooterPage status=SUCCESS method=ManageFooterTest.validateUpdatebtnInManageFooterPage()[pri:0, instance:testscript.ManageFooterTest@484970b0] output={null}]]]>
              </value>
            </param>
          </params>
          <reporter-output>
          </reporter-output>
        </test-method> <!-- browserQuit -->
        <test-method is-config="true" signature="browserIntialization(java.lang.String)[pri:0, instance:testscript.ManageFooterTest@484970b0]" started-at="2025-09-11T08:42:02 IST" name="browserIntialization" finished-at="2025-09-11T08:42:16 IST" duration-ms="13604" status="PASS">
          <params>
            <param index="0">
              <value>
                <![CDATA[Edge]]>
              </value>
            </param>
          </params>
          <reporter-output>
          </reporter-output>
        </test-method> <!-- browserIntialization -->
        <test-method signature="verifyUserIsAbletoAccessManageFooterPage()[pri:0, instance:testscript.ManageFooterTest@484970b0]" started-at="2025-09-11T08:42:16 IST" name="verifyUserIsAbletoAccessManageFooterPage" description="User is able to access the Manage Footer Page" finished-at="2025-09-11T08:42:18 IST" duration-ms="2001" status="PASS">
          <reporter-output>
          </reporter-output>
        </test-method> <!-- verifyUserIsAbletoAccessManageFooterPage -->
        <test-method is-config="true" signature="browserQuit(org.testng.ITestResult)[pri:0, instance:testscript.ManageFooterTest@484970b0]" started-at="2025-09-11T08:42:18 IST" name="browserQuit" finished-at="2025-09-11T08:42:18 IST" duration-ms="209" status="PASS">
          <params>
            <param index="0">
              <value>
                <![CDATA[[TestResult name=verifyUserIsAbletoAccessManageFooterPage status=SUCCESS method=ManageFooterTest.verifyUserIsAbletoAccessManageFooterPage()[pri:0, instance:testscript.ManageFooterTest@484970b0] output={null}]]]>
              </value>
            </param>
          </params>
          <reporter-output>
          </reporter-output>
        </test-method> <!-- browserQuit -->
      </class> <!-- testscript.ManageFooterTest -->
      <class name="testscript.ManageContactTest">
[...]
          <params>
            <param index="0">
              <value>
                <![CDATA[[TestResult name=verifyUserisAbleToAccessManageContactPage status=SUCCESS method=ManageContactTest.verifyUserisAbleToAccessManageContactPage()[pri:0, instance:testscript.ManageContactTest@fd07cbb] output={null}]]]>
              </value>
            </param>
          </params>
          <reporter-output>
          </reporter-output>
        </test-method> <!-- browserQuit -->
      </class> <!-- testscript.ManageContactTest -->
      <class name="testscript.AdminUserTest">
        <test-method is-config="true" signature="browserIntialization(java.lang.String)[pri:0, instance:testscript.AdminUserTest@7c83dc97]" started-at="2025-09-11T08:43:18 IST" name="browserIntialization" finished-at="2025-09-11T08:43:30 IST" duration-ms="11983" status="PASS">
          <params>
            <param index="0">
              <value>
                <![CDATA[Edge]]>
              </value>
            </param>
          </params>
          <reporter-output>
          </reporter-output>
        </test-method> <!-- browserIntialization -->
        <test-method signature="verifyUserIsAbletoClickAdminUser()[pri:0, instance:testscript.AdminUserTest@7c83dc97]" started-at="2025-09-11T08:43:30 IST" name="verifyUserIsAbletoClickAdminUser" description="user is able to access te Admin User Page" finished-at="2025-09-11T08:43:32 IST" duration-ms="1669" status="PASS">
          <reporter-output>
          </reporter-output>
        </test-method> <!-- verifyUserIsAbletoClickAdminUser -->
        <test-method is-config="true" signature="browserQuit(org.testng.ITestResult)[pri:0, instance:testscript.AdminUserTest@7c83dc97]" started-at="2025-09-11T08:43:32 IST" name="browserQuit" finished-at="2025-09-11T08:43:32 IST" duration-ms="190" status="PASS">
          <params>
            <param index="0">
              <value>
                <![CDATA[[TestResult name=verifyUserIsAbletoClickAdminUser status=SUCCESS method=AdminUserTest.verifyUserIsAbletoClickAdminUser()[pri:0, instance:testscript.AdminUserTest@7c83dc97] output={null}]]]>
              </value>
            </param>
          </params>
          <reporter-output>
          </reporter-output>
        </test-method> <!-- browserQuit -->
      </class> <!-- testscript.AdminUserTest -->
      <class name="testscript.LoginTest">
        <test-method is-config="true" signature="browserIntialization(java.lang.String)[pri:0, instance:testscript.LoginTest@4470f8a6]" started-at="2025-09-11T08:42:18 IST" name="browserIntialization" finished-at="2025-09-11T08:42:31 IST" duration-ms="13565" status="PASS">
          <params>
            <param index="0">
              <value>
                <![CDATA[Edge]]>
              </value>
            </param>
          </params>
          <reporter-output>
          </reporter-output>
        </test-method> <!-- browserIntialization -->
        <test-method signature="verifyUserIsAbleToLoginUsingInvalidCredentials()[pri:0, instance:testscript.LoginTest@4470f8a6]" started-at="2025-09-11T08:42:31 IST" name="verifyUserIsAbleToLoginUsingInvalidCredentials" description="User is able to login using both invalid credentials" finished-at="2025-09-11T08:42:32 IST" duration-ms="447" status="PASS">
          <reporter-output>
          </reporter-output>
        </test-method> <!-- verifyUserIsAbleToLoginUsingInvalidCredentials -->
        <test-method is-config="true" signature="browserQuit(org.testng.ITestResult)[pri:0, instance:testscript.LoginTest@4470f8a6]" started-at="2025-09-11T08:42:32 IST" name="browserQuit" finished-at="2025-09-11T08:42:32 IST" duration-ms="176" status="PASS">
          <params>
            <param index="0">
              <value>
                <![CDATA[[TestResult name=verifyUserIsAbleToLoginUsingInvalidCredentials status=SUCCESS method=LoginTest.verifyUserIsAbleToLoginUsingInvalidCredentials()[pri:0, instance:testscript.LoginTest@4470f8a6] output={null}]]]>
              </value>
            </param>
          </params>
          <reporter-output>
          </reporter-output>
        </test-method> <!-- browserQuit -->
        <test-method is-config="true" signature="browserIntialization(java.lang.String)[pri:0, instance:testscript.LoginTest@4470f8a6]" started-at="2025-09-11T08:42:32 IST" name="browserIntialization" finished-at="2025-09-11T08:42:44 IST" duration-ms="12294" status="PASS">
          <params>
            <param index="0">
              <value>
                <![CDATA[Edge]]>
              </value>
            </param>
          </params>
          <reporter-output>
          </reporter-output>
        </test-method> <!-- browserIntialization -->
        <test-method signature="verifyUserIsAbleToLoginUsingValidCredentials()[pri:0, instance:testscript.LoginTest@4470f8a6]" started-at="2025-09-11T08:42:44 IST" name="verifyUserIsAbleToLoginUsingValidCredentials" description="User is able to login using valid credential" finished-at="2025-09-11T08:42:45 IST" duration-ms="563" status="PASS">
          <reporter-output>
          </reporter-output>
        </test-method> <!-- verifyUserIsAbleToLoginUsingValidCredentials -->
        <test-method is-config="true" signature="browserQuit(org.testng.ITestResult)[pri:0, instance:testscript.LoginTest@4470f8a6]" started-at="2025-09-11T08:42:45 IST" name="browserQuit" finished-at="2025-09-11T08:42:45 IST" duration-ms="184" status="PASS">
          <params>
            <param index="0">
              <value>
                <![CDATA[[TestResult name=verifyUserIsAbleToLoginUsingValidCredentials status=SUCCESS method=LoginTest.verifyUserIsAbleToLoginUsingValidCredentials()[pri:0, instance:testscript.LoginTest@4470f8a6] output={null}]]]>
              </value>
            </param>
          </params>
          <reporter-output>
          </reporter-output>
        </test-method> <!-- browserQuit -->
        <test-method is-config="true" signature="browserIntialization(java.lang.String)[pri:0, instance:testscript.LoginTest@4470f8a6]" started-at="2025-09-11T08:42:45 IST" name="browserIntialization" finished-at="2025-09-11T08:42:55 IST" duration-ms="9686" status="PASS">
          <params>
            <param index="0">
              <value>
                <![CDATA[Edge]]>
              </value>
            </param>
          </params>
          <reporter-output>
          </reporter-output>
        </test-method> <!-- browserIntialization -->
        <test-method retried="true" signature="verifyUserIsAbletoLoginUsingInvalidPassword()[pri:0, instance:testscript.LoginTest@4470f8a6]" started-at="2025-09-11T08:42:55 IST" name="verifyUserIsAbletoLoginUsingInvalidPassword" description=" user is able to login invalid password" finished-at="2025-09-11T08:42:55 IST" duration-ms="427" status="SKIP">
          <exception class="org.openqa.selenium.NoSuchElementException">
            <message>
              <![CDATA[no such element: Unable to locate element: {"method":"xpath","selector":"//div[@class='alert alert-danger alert-dismissible']"}
  (Session info: MicrosoftEdge=140.0.3485.54)
For documentation on this error, please visit: https://www.selenium.dev/documentation/webdriver/troubleshooting/errors#no-such-element-exception
Build info: version: '4.33.0', revision: '2c6aaad03a'
System info: os.name: 'Windows 11', os.arch: 'amd64', os.version: '10.0', java.version: '23.0.2'
Driver info: org.openqa.selenium.edge.EdgeDriver
Command: [240d20948979f133f1d873bf143b30e3, findElement {using=xpath, value=//div[@class='alert alert-danger alert-dismissible']}]
Capabilities {acceptInsecureCerts: false, browserName: MicrosoftEdge, browserVersion: 140.0.3485.54, fedcm:accounts: true, ms:edgeOptions: {debuggerAddress: localhost:50696}, msedge: {msedgedriverVersion: 140.0.3485.54 (3cc379a8a5fb..., userDataDir: C:\Users\user\AppData\Local...}, networkConnectionEnabled: false, pageLoadStrategy: normal, platformName: windows, proxy: Proxy(), se:cdp: ws://localhost:50696/devtoo..., se:cdpVersion: 140.0.3485.54, setWindowRect: true, strictFileInteractability: false, timeouts: {implicit: 0, pageLoad: 300000, script: 30000}, unhandledPromptBehavior: dismiss and notify, webauthn:extension:credBlob: true, webauthn:extension:largeBlob: true, webauthn:extension:minPinLength: true, webauthn:extension:prf: true, webauthn:virtualAuthenticators: true}
Session ID: 240d20948979f133f1d873bf143b30e3]]>
            </message>
            <full-stacktrace>
              <![CDATA[org.openqa.selenium.NoSuchElementException: no such element: Unable to locate element: {"method":"xpath","selector":"//div[@class='alert alert-danger alert-dismissible']"}
  (Session info: MicrosoftEdge=140.0.3485.54)
For documentation on this error, please visit: https://www.selenium.dev/documentation/webdriver/troubleshooting/errors#no-such-element-exception
Build info: version: '4.33.0', revision: '2c6aaad03a'
System info: os.name: 'Windows 11', os.arch: 'amd64', os.version: '10.0', java.version: '23.0.2'
Driver info: org.openqa.selenium.edge.EdgeDriver
Command: [240d20948979f133f1d873bf143b30e3, findElement {using=xpath, value=//div[@class='alert alert-danger alert-dismissible']}]
Capabilities {acceptInsecureCerts: false, browserName: MicrosoftEdge, browserVersion: 140.0.3485.54, fedcm:accounts: true, ms:edgeOptions: {debuggerAddress: localhost:50696}, msedge: {msedgedriverVersion: 140.0.3485.54 (3cc379a8a5fb..., userDataDir: C:\Users\user\AppData\Local...}, networkConnectionEnabled: false, pageLoadStrategy: normal, platformName: windows, proxy: Proxy(), se:cdp: ws://localhost:50696/devtoo..., se:cdpVersion: 140.0.3485.54, setWindowRect: true, strictFileInteractability: false, timeouts: {implicit: 0, pageLoad: 300000, script: 30000}, unhandledPromptBehavior: dismiss and notify, webauthn:extension:credBlob: true, webauthn:extension:largeBlob: true, webauthn:extension:minPinLength: true, webauthn:extension:prf: true, webauthn:virtualAuthenticators: true}
Session ID: 240d20948979f133f1d873bf143b30e3
at java.base/jdk.internal.reflect.DirectConstructorHandleAccessor.newInstance(DirectConstructorHandleAccessor.java:62)
at java.base/java.lang.reflect.Constructor.newInstanceWithCaller(Constructor.java:501)
at java.base/java.lang.reflect.Constructor.newInstance(Constructor.java:485)
at org.openqa.selenium.remote.ErrorCodec.decode(ErrorCodec.java:167)
at org.openqa.selenium.remote.codec.w3c.W3CHttpResponseCodec.decode(W3CHttpResponseCodec.java:138)
at org.openqa.selenium.remote.codec.w3c.W3CHttpResponseCodec.decode(W3CHttpResponseCodec.java:50)
at org.openqa.selenium.remote.HttpCommandExecutor.execute(HttpCommandExecutor.java:215)
at org.openqa.selenium.remote.service.DriverCommandExecutor.invokeExecute(DriverCommandExecutor.java:216)
at org.openqa.selenium.remote.service.DriverCommandExecutor.execute(DriverCommandExecutor.java:174)
at org.openqa.selenium.remote.RemoteWebDriver.execute(RemoteWebDriver.java:544)
at org.openqa.selenium.remote.ElementLocation$ElementFinder$2.findElement(ElementLocation.java:165)
at org.openqa.selenium.remote.ElementLocation.findElement(ElementLocation.java:59)
at org.openqa.selenium.remote.RemoteWebDriver.findElement(RemoteWebDriver.java:367)
at org.openqa.selenium.remote.RemoteWebDriver.findElement(RemoteWebDriver.java:361)
at org.openqa.selenium.support.pagefactory.DefaultElementLocator.findElement(DefaultElementLocator.java:68)
at org.openqa.selenium.support.pagefactory.internal.LocatingElementHandler.invoke(LocatingElementHandler.java:38)
at jdk.proxy2/jdk.proxy2.$Proxy13.isDisplayed(Unknown Source)
at pages.LoginPage.isAlertmessageDisplayed(LoginPage.java:52)
at testscript.LoginTest.verifyUserIsAbletoLoginUsingInvalidPassword(LoginTest.java:66)
at java.base/jdk.internal.reflect.DirectMethodHandleAccessor.invoke(DirectMethodHandleAccessor.java:103)
at java.base/java.lang.reflect.Method.invoke(Method.java:580)
at org.testng.internal.invokers.MethodInvocationHelper.invokeMethod(MethodInvocationHelper.java:141)
at org.testng.internal.invokers.TestInvoker.invokeMethod(TestInvoker.java:686)
at org.testng.internal.invokers.TestInvoker.invokeTestMethod(TestInvoker.java:230)
at org.testng.internal.invokers.MethodRunner.runInSequence(MethodRunner.java:63)
at org.testng.internal.invokers.TestInvoker$MethodInvocationAgent.invoke(TestInvoker.java:992)
at org.testng.internal.invokers.TestInvoker.invokeTestMethods(TestInvoker.java:203)
at org.testng.internal.invokers.TestMethodWorker.invokeTestMethods(TestMethodWorker.java:154)
at org.testng.internal.invokers.TestMethodWorker.run(TestMethodWorker.java:134)
at java.base/java.util.ArrayList.forEach(ArrayList.java:1597)
at org.testng.TestRunner.privateRun(TestRunner.java:739)
at org.testng.TestRunner.run(TestRunner.java:614)
at org.testng.SuiteRunner.runTest(SuiteRunner.java:421)
at org.testng.SuiteRunner$SuiteWorker.run(SuiteRunner.java:463)
at org.testng.internal.thread.ThreadUtil.lambda$execute$0(ThreadUtil.java:64)
at java.base/java.util.concurrent.FutureTask.run(FutureTask.java:317)
at java.base/java.util.concurrent.ThreadPoolExecutor.runWorker(ThreadPoolExecutor.java:1144)
at java.base/java.util.concurrent.ThreadPoolExecutor$Worker.run(ThreadPoolExecutor.java:642)
at java.base/java.lang.Thread.run(Thread.java:1575)
]]>
            </full-stacktrace>
          </exception> <!-- org.openqa.selenium.NoSuchElementException -->
          <reporter-output>
          </reporter-output>
        </test-method> <!-- verifyUserIsAbletoLoginUsingInvalidPassword -->
        <test-method is-config="true" signature="browserQuit(org.testng.ITestResult)[pri:0, instance:testscript.LoginTest@4470f8a6]" started-at="2025-09-11T08:42:55 IST" name="browserQuit" finished-at="2025-09-11T08:42:55 IST" duration-ms="155" status="PASS">
          <params>
            <param index="0">
              <value>
                <![CDATA[[TestResult name=verifyUserIsAbletoLoginUsingInvalidPassword status=SKIP method=LoginTest.verifyUserIsAbletoLoginUsingInvalidPassword()[pri:0, instance:testscript.LoginTest@4470f8a6] output={null}]]]>
              </value>
            </param>
          </params>
          <reporter-output>
          </reporter-output>
        </test-method> <!-- browserQuit -->
        <test-method is-config="true" signature="browserIntialization(java.lang.String)[pri:0, instance:testscript.LoginTest@4470f8a6]" started-at="2025-09-11T08:42:55 IST" name="browserIntialization" finished-at="2025-09-11T08:43:05 IST" duration-ms="9726" status="PASS">
          <params>
            <param index="0">
              <value>
                <![CDATA[Edge]]>
              </value>
            </param>
          </params>
          <reporter-output>
          </reporter-output>
        </test-method> <!-- browserIntialization -->
        <test-method signature="verifyUserIsAbletoLoginUsingInvalidPassword()[pri:0, instance:testscript.LoginTest@4470f8a6]" started-at="2025-09-11T08:43:05 IST" name="verifyUserIsAbletoLoginUsingInvalidPassword" description=" user is able to login invalid password" finished-at="2025-09-11T08:43:05 IST" duration-ms="452" status="PASS">
          <reporter-output>
          </reporter-output>
        </test-method> <!-- verifyUserIsAbletoLoginUsingInvalidPassword -->
        <test-method is-config="true" signature="browserQuit(org.testng.ITestResult)[pri:0, instance:testscript.LoginTest@4470f8a6]" started-at="2025-09-11T08:43:05 IST" name="browserQuit" finished-at="2025-09-11T08:43:06 IST" duration-ms="150" status="PASS">
          <params>
            <param index="0">
              <value>
                <![CDATA[[TestResult name=verifyUserIsAbletoLoginUsingInvalidPassword status=SUCCESS method=LoginTest.verifyUserIsAbletoLoginUsingInvalidPassword()[pri:0, instance:testscript.LoginTest@4470f8a6] output={null}]]]>
              </value>
            </param>
          </params>
          <reporter-output>
          </reporter-output>
        </test-method> <!-- browserQuit -->
        <test-method is-config="true" signature="browserIntialization(java.lang.String)[pri:0, instance:testscript.LoginTest@4470f8a6]" started-at="2025-09-11T08:43:06 IST" name="browserIntialization" finished-at="2025-09-11T08:43:18 IST" duration-ms="12191" status="PASS">
          <params>
            <param index="0">
              <value>
                <![CDATA[Edge]]>
              </value>
            </param>
          </params>
          <reporter-output>
          </reporter-output>
        </test-method> <!-- browserIntialization -->
        <test-method signature="verifyUserisAbleToLoginWithInvalidUsername()[pri:0, instance:testscript.LoginTest@4470f8a6]" started-at="2025-09-11T08:43:18 IST" name="verifyUserisAbleToLoginWithInvalidUsername" description="user is able to login using invalid username" finished-at="2025-09-11T08:43:18 IST" duration-ms="442" status="PASS">
          <reporter-output>
          </reporter-output>
        </test-method> <!-- verifyUserisAbleToLoginWithInvalidUsername -->
        <test-method is-config="true" signature="browserQuit(org.testng.ITestResult)[pri:0, instance:testscript.LoginTest@4470f8a6]" started-at="2025-09-11T08:43:18 IST" name="browserQuit" finished-at="2025-09-11T08:43:18 IST" duration-ms="199" status="PASS">
          <params>
            <param index="0">
              <value>
                <![CDATA[[TestResult name=verifyUserisAbleToLoginWithInvalidUsername status=SUCCESS method=LoginTest.verifyUserisAbleToLoginWithInvalidUsername()[pri:0, instance:testscript.LoginTest@4470f8a6] output={null}]]]>
              </value>
            </param>
          </params>
          <reporter-output>
          </reporter-output>
        </test-method> <!-- browserQuit -->
      </class> <!-- testscript.LoginTest -->
      <class name="testscript.ManageCategoryTest">
        <test-method is-config="true" signature="browserIntialization(java.lang.String)[pri:0, instance:testscript.ManageCategoryTest@3f56875e]" started-at="2025-09-11T08:39:52 IST" name="browserIntialization" finished-at="2025-09-11T08:40:08 IST" duration-ms="15492" status="PASS">
          <params>
            <param index="0">
              <value>
                <![CDATA[Edge]]>
              </value>
            </param>
          </params>
          <reporter-output>
          </reporter-output>
        </test-method> <!-- browserIntialization -->
        <test-method signature="verifyuserIsAbleToAccessManageCategoryPage()[pri:0, instance:testscript.ManageCategoryTest@3f56875e]" started-at="2025-09-11T08:40:08 IST" name="verifyuserIsAbleToAccessManageCategoryPage" description=" User is able to access Manage Catergory Page" finished-at="2025-09-11T08:40:10 IST" duration-ms="2100" status="PASS">
          <reporter-output>
          </reporter-output>
        </test-method> <!-- verifyuserIsAbleToAccessManageCategoryPage -->
        <test-method is-config="true" signature="browserQuit(org.testng.ITestResult)[pri:0, instance:testscript.ManageCategoryTest@3f56875e]" started-at="2025-09-11T08:40:10 IST" name="browserQuit" finished-at="2025-09-11T08:40:10 IST" duration-ms="287" status="PASS">
          <params>
            <param index="0">
              <value>
                <![CDATA[[TestResult name=verifyuserIsAbleToAccessManageCategoryPage status=SUCCESS method=ManageCategoryTest.verifyuserIsAbleToAccessManageCategoryPage()[pri:0, instance:testscript.ManageCategoryTest@3f56875e] output={null}]]]>
              </value>
            </param>
          </params>
          <reporter-output>
          </reporter-output>
        </test-method> <!-- browserQuit -->
      </class> <!-- testscript.ManageCategoryTest -->
    </test> <!-- EdgeTest -->
  </suite> <!-- multiBrowserTesting -->
</testng-results>
