<?xml version="1.0" encoding="UTF-8"?>
<!-- Generated by org.testng.reporters.JUnitXMLReporter -->
<testsuite ignored="1" hostname="DESKTOP-JCNBK9Q" failures="0" tests="1" name="ChromeTest" time="4.941" errors="0" timestamp="2025-09-12T15:01:16 IST">
  <testcase classname="testscript.ManageFooterTest" name="verifyUserIsAbletoAccessManageFooterPage" time="2.832"/>
  <testcase classname="testscript.ManageFooterTest" name="validateUpdatebtnInManageFooterPage" time="0.0">
    <ignored/>
  </testcase> <!-- validateUpdatebtnInManageFooterPage -->
</testsuite> <!-- ChromeTest -->
