<?xml version="1.0" encoding="UTF-8"?>
<!-- Generated by org.testng.reporters.JUnitXMLReporter -->
<testsuite ignored="1" hostname="DESKTOP-JCNBK9Q" failures="0" tests="1" name="chromeTest" time="6.889" errors="0" timestamp="2025-09-04T22:00:26 IST">
  <testcase classname="testscript.ManageContactTest" name="verifyUserisAbleToClickManageContact" time="3.188"/>
  <testcase classname="testscript.ManageContactTest" name="validateUpdateBtnInManageContact" time="0.0">
    <ignored/>
  </testcase> <!-- validateUpdateBtnInManageContact -->
</testsuite> <!-- chromeTest -->
