<?xml version="1.0" encoding="UTF-8"?>
<!-- Generated by org.testng.reporters.JUnitXMLReporter -->
<testsuite ignored="0" hostname="DESKTOP-JCNBK9Q" failures="0" tests="13" name="ChromeTest" time="88.365" errors="0" timestamp="2025-09-19T15:10:38 IST">
  <testcase classname="testscript.ManageContactTest" name="validateUpdateBtnInManageContact" time="2.445"/>
  <testcase classname="testscript.ManageContactTest" name="verifyUserisAbleToAccessManageContactPage" time="3.25"/>
  <testcase classname="testscript.ManageCategoryTest" name="verifyuserIsAbleToAccessManageCategoryPage" time="2.024"/>
  <testcase classname="testscript.ManageNewsTest" name="validateSaveBtnInManageNews" time="2.17"/>
  <testcase classname="testscript.ManageNewsTest" name="verifyUserisAbleToAccessManageNewsPage" time="1.743"/>
  <testcase classname="testscript.HomePageTest" name="verifyUserisAbleToLout" time="1.251"/>
  <testcase classname="testscript.ManageFooterTest" name="validateUpdatebtnInManageFooterPage" time="1.048"/>
  <testcase classname="testscript.ManageFooterTest" name="verifyUserIsAbletoAccessManageFooterPage" time="2.14"/>
  <testcase classname="testscript.LoginTest" name="verifyUserIsAbleToLoginUsingInvalidCredentials" time="0.54"/>
  <testcase classname="testscript.LoginTest" name="verifyUserIsAbleToLoginUsingValidCredentials" time="0.731"/>
  <testcase classname="testscript.LoginTest" name="verifyUserIsAbletoLoginUsingInvalidPassword" time="0.618"/>
  <testcase classname="testscript.LoginTest" name="verifyUserisAbleToLoginWithInvalidUsername" time="0.547"/>
  <testcase classname="testscript.AdminUserTest" name="verifyUserIsAbletoClickAdminUser" time="2.066"/>
</testsuite> <!-- ChromeTest -->
