<?xml version="1.0" encoding="UTF-8"?>
<!-- Generated by org.testng.reporters.JUnitXMLReporter -->
<testsuite ignored="0" hostname="DESKTOP-JCNBK9Q" failures="0" tests="4" name="EdgeTest" time="51.287" errors="0" timestamp="2025-09-11T07:53:37 IST">
  <testcase classname="testscript.ManageContactTest" name="validateUpdateBtnInManageContact" time="1.561"/>
  <testcase classname="testscript.ManageContactTest" name="verifyUserisAbleToAccessManageContactPage" time="2.535"/>
  <testcase classname="testscript.ManageFooterTest" name="validateUpdatebtnInManageFooterPage" time="1.096"/>
  <testcase classname="testscript.ManageFooterTest" name="verifyUserIsAbletoAccessManageFooterPage" time="1.707"/>
</testsuite> <!-- EdgeTest -->
