<?xml version="1.0" encoding="UTF-8"?>
<!-- Generated by org.testng.reporters.JUnitXMLReporter -->
<testsuite ignored="0" hostname="DESKTOP-JCNBK9Q" failures="0" tests="4" name="firefoxTest" time="8.729" errors="0" timestamp="2025-09-19T14:53:01 IST">
  <testcase classname="testscript.ManageContactTest" name="validateUpdateBtnInManageContact" time="1.461"/>
  <testcase classname="testscript.ManageFooterTest" name="validateUpdatebtnInManageFooterPage" time="1.437"/>
  <testcase classname="testscript.ManageFooterTest" name="verifyUserIsAbletoAccessManageFooterPage" time="2.786"/>
  <testcase classname="testscript.ManageContactTest" name="verifyUserisAbleToAccessManageContactPage" time="3.771"/>
</testsuite> <!-- firefoxTest -->
