<?xml version="1.0" encoding="UTF-8"?>
<!-- Generated by org.testng.reporters.JUnitXMLReporter -->
<testsuite ignored="0" hostname="DESKTOP-JCNBK9Q" failures="1" tests="16" name="ChromeTest" time="45.95" errors="0" timestamp="2025-09-09T19:57:46 IST">
  <testcase classname="testscript.ManageCategoryTest" name="verifyuserIsAbleToAccessManageCategoryPage" time="3.123"/>
  <testcase classname="testscript.ManageNewsUpdateTest" name="validateSaveBtnInManageNews" time="1.463">
    <skipped/>
  </testcase> <!-- validateSaveBtnInManageNews -->
  <testcase classname="testscript.ManageNewsUpdateTest" name="validateSaveBtnInManageNews" time="1.387">
    <skipped/>
  </testcase> <!-- validateSaveBtnInManageNews -->
  <testcase classname="testscript.ManageNewsUpdateTest" name="validateSaveBtnInManageNews" time="1.354">
    <failure type="org.openqa.selenium.StaleElementReferenceException" message="stale element reference: stale element not found
  (Session info: chrome=140.0.7339.81)
For documentation on this error, please visit: https://www.selenium.dev/documentation/webdriver/troubleshooting/errors#stale-element-reference-exception
Build info: version: &amp;apos;4.33.0&amp;apos;, revision: &amp;apos;2c6aaad03a&amp;apos;
System info: os.name: &amp;apos;Windows 11&amp;apos;, os.arch: &amp;apos;amd64&amp;apos;, os.version: &amp;apos;10.0&amp;apos;, java.version: &amp;apos;23.0.2&amp;apos;
Driver info: org.openqa.selenium.chrome.ChromeDriver
Command: [b338f52754053dcbe0df7ce5b762bc01, getElementText {id=f.7D995379943DB371D2E95B78379B8ECA.d.2824F595216569B77F25B8EB6F314597.e.41}]
Capabilities {acceptInsecureCerts: false, browserName: chrome, browserVersion: 140.0.7339.81, chrome: {chromedriverVersion: 140.0.7339.80 (670b6f192f46..., userDataDir: C:\Users\user\AppData\Local...}, fedcm:accounts: true, goog:chromeOptions: {debuggerAddress: localhost:62588}, networkConnectionEnabled: false, pageLoadStrategy: normal, platformName: windows, proxy: Proxy(), se:cdp: ws://localhost:62588/devtoo..., se:cdpVersion: 140.0.7339.81, setWindowRect: true, strictFileInteractability: false, timeouts: {implicit: 0, pageLoad: 300000, script: 30000}, unhandledPromptBehavior: dismiss and notify, webauthn:extension:credBlob: true, webauthn:extension:largeBlob: true, webauthn:extension:minPinLength: true, webauthn:extension:prf: true, webauthn:virtualAuthenticators: true}
Element: [[ChromeDriver: chrome on windows (b338f52754053dcbe0df7ce5b762bc01)] -&amp;gt; xpath: //table[@class=&amp;apos;table table-bordered table-hover table-sm&amp;apos;]//tbody//tr//td[1]]
Session ID: b338f52754053dcbe0df7ce5b762bc01">
      <![CDATA[org.openqa.selenium.StaleElementReferenceException: stale element reference: stale element not found
  (Session info: chrome=140.0.7339.81)
For documentation on this error, please visit: https://www.selenium.dev/documentation/webdriver/troubleshooting/errors#stale-element-reference-exception
Build info: version: '4.33.0', revision: '2c6aaad03a'
System info: os.name: 'Windows 11', os.arch: 'amd64', os.version: '10.0', java.version: '23.0.2'
Driver info: org.openqa.selenium.chrome.ChromeDriver
Command: [b338f52754053dcbe0df7ce5b762bc01, getElementText {id=f.7D995379943DB371D2E95B78379B8ECA.d.2824F595216569B77F25B8EB6F314597.e.41}]
Capabilities {acceptInsecureCerts: false, browserName: chrome, browserVersion: 140.0.7339.81, chrome: {chromedriverVersion: 140.0.7339.80 (670b6f192f46..., userDataDir: C:\Users\user\AppData\Local...}, fedcm:accounts: true, goog:chromeOptions: {debuggerAddress: localhost:62588}, networkConnectionEnabled: false, pageLoadStrategy: normal, platformName: windows, proxy: Proxy(), se:cdp: ws://localhost:62588/devtoo..., se:cdpVersion: 140.0.7339.81, setWindowRect: true, strictFileInteractability: false, timeouts: {implicit: 0, pageLoad: 300000, script: 30000}, unhandledPromptBehavior: dismiss and notify, webauthn:extension:credBlob: true, webauthn:extension:largeBlob: true, webauthn:extension:minPinLength: true, webauthn:extension:prf: true, webauthn:virtualAuthenticators: true}
Element: [[ChromeDriver: chrome on windows (b338f52754053dcbe0df7ce5b762bc01)] -> xpath: //table[@class='table table-bordered table-hover table-sm']//tbody//tr//td[1]]
Session ID: b338f52754053dcbe0df7ce5b762bc01
at org.openqa.selenium.remote.ErrorCodec.decode(ErrorCodec.java:167)
at org.openqa.selenium.remote.codec.w3c.W3CHttpResponseCodec.decode(W3CHttpResponseCodec.java:138)
at org.openqa.selenium.remote.codec.w3c.W3CHttpResponseCodec.decode(W3CHttpResponseCodec.java:50)
at org.openqa.selenium.remote.HttpCommandExecutor.execute(HttpCommandExecutor.java:215)
at org.openqa.selenium.remote.service.DriverCommandExecutor.invokeExecute(DriverCommandExecutor.java:216)
at org.openqa.selenium.remote.service.DriverCommandExecutor.execute(DriverCommandExecutor.java:174)
at org.openqa.selenium.remote.RemoteWebDriver.execute(RemoteWebDriver.java:544)
at org.openqa.selenium.remote.RemoteWebElement.execute(RemoteWebElement.java:223)
at org.openqa.selenium.remote.RemoteWebElement.getText(RemoteWebElement.java:191)
at pages.ManageNewsUpdatePage.tableSerach(ManageNewsUpdatePage.java:69)
at testscript.ManageNewsUpdateTest.validateSaveBtnInManageNews(ManageNewsUpdateTest.java:31)
at java.base/java.util.ArrayList.forEach(ArrayList.java:1597)
... Removed 28 stack frames]]>
    </failure>
  </testcase> <!-- validateSaveBtnInManageNews -->
  <testcase classname="testscript.ManageContactTest" name="validateUpdateBtnInManageContact" time="1.101"/>
  <testcase classname="testscript.ManageContactTest" name="verifyUserisAbleToAccessManageContactPage" time="2.556"/>
  <testcase classname="testscript.ManageNewsTest" name="verifyUserisAbleToAccessManageNewsPage" time="1.456"/>
  <testcase classname="testscript.LogOutTest" name="verifyUserisAbleToLout" time="0.93"/>
  <testcase classname="testscript.ManageFooterTest" name="validateUpdatebtnInManageFooterPage" time="1.139"/>
  <testcase classname="testscript.ManageFooterTest" name="verifyUserIsAbletoAccessManageFooterPage" time="1.839"/>
  <testcase classname="testscript.LoginTest" name="verifyUserIsAbleToLoginUsingInvalidCredentials" time="0.517"/>
  <testcase classname="testscript.LoginTest" name="verifyUserIsAbleToLoginUsingValidCredentials" time="0.737"/>
  <testcase classname="testscript.LoginTest" name="verifyUserIsAbletoLoginUsingInvalidPassword" time="0.545"/>
  <testcase classname="testscript.LoginTest" name="verifyUserisAbleToLoginWithInvalidUsername" time="0.503"/>
  <testcase classname="testscript.AdminUserTest" name="verifyUserIsAbletoClickAdminUser" time="1.827">
    <skipped/>
  </testcase> <!-- verifyUserIsAbletoClickAdminUser -->
  <testcase classname="testscript.AdminUserTest" name="verifyUserIsAbletoClickAdminUser" time="1.862"/>
</testsuite> <!-- ChromeTest -->
