<?xml version="1.0" encoding="UTF-8"?>
<!-- Generated by org.testng.reporters.JUnitXMLReporter -->
<testsuite ignored="0" hostname="DESKTOP-JCNBK9Q" failures="1" tests="16" name="EdgeTest" time="220.075" errors="0" timestamp="2025-09-11T08:43:32 IST">
  <testcase classname="testscript.ManageCategoryTest" name="verifyuserIsAbleToAccessManageCategoryPage" time="2.1"/>
  <testcase classname="testscript.ManageNewsUpdateTest" name="validateSaveBtnInManageNews" time="1.741">
    <skipped/>
  </testcase> <!-- validateSaveBtnInManageNews -->
  <testcase classname="testscript.ManageNewsUpdateTest" name="validateSaveBtnInManageNews" time="1.28">
    <skipped/>
  </testcase> <!-- validateSaveBtnInManageNews -->
  <testcase classname="testscript.ManageNewsUpdateTest" name="validateSaveBtnInManageNews" time="1.21">
    <failure type="org.openqa.selenium.NoSuchElementException" message="no such element: Unable to locate element: {&amp;quot;method&amp;quot;:&amp;quot;xpath&amp;quot;,&amp;quot;selector&amp;quot;:&amp;quot;//textarea[@id=&amp;apos;news&amp;apos;]&amp;quot;}
  (Session info: MicrosoftEdge=140.0.3485.54)
For documentation on this error, please visit: https://www.selenium.dev/documentation/webdriver/troubleshooting/errors#no-such-element-exception
Build info: version: &amp;apos;4.33.0&amp;apos;, revision: &amp;apos;2c6aaad03a&amp;apos;
System info: os.name: &amp;apos;Windows 11&amp;apos;, os.arch: &amp;apos;amd64&amp;apos;, os.version: &amp;apos;10.0&amp;apos;, java.version: &amp;apos;23.0.2&amp;apos;
Driver info: org.openqa.selenium.edge.EdgeDriver
Command: [c00356c8251275ccff02e1c0749fef36, findElement {using=xpath, value=//textarea[@id=&amp;apos;news&amp;apos;]}]
Capabilities {acceptInsecureCerts: false, browserName: MicrosoftEdge, browserVersion: 140.0.3485.54, fedcm:accounts: true, ms:edgeOptions: {debuggerAddress: localhost:50403}, msedge: {msedgedriverVersion: 140.0.3485.54 (3cc379a8a5fb..., userDataDir: C:\Users\user\AppData\Local...}, networkConnectionEnabled: false, pageLoadStrategy: normal, platformName: windows, proxy: Proxy(), se:cdp: ws://localhost:50403/devtoo..., se:cdpVersion: 140.0.3485.54, setWindowRect: true, strictFileInteractability: false, timeouts: {implicit: 0, pageLoad: 300000, script: 30000}, unhandledPromptBehavior: dismiss and notify, webauthn:extension:credBlob: true, webauthn:extension:largeBlob: true, webauthn:extension:minPinLength: true, webauthn:extension:prf: true, webauthn:virtualAuthenticators: true}
Session ID: c00356c8251275ccff02e1c0749fef36">
      <![CDATA[org.openqa.selenium.NoSuchElementException: no such element: Unable to locate element: {"method":"xpath","selector":"//textarea[@id='news']"}
  (Session info: MicrosoftEdge=140.0.3485.54)
For documentation on this error, please visit: https://www.selenium.dev/documentation/webdriver/troubleshooting/errors#no-such-element-exception
Build info: version: '4.33.0', revision: '2c6aaad03a'
System info: os.name: 'Windows 11', os.arch: 'amd64', os.version: '10.0', java.version: '23.0.2'
Driver info: org.openqa.selenium.edge.EdgeDriver
Command: [c00356c8251275ccff02e1c0749fef36, findElement {using=xpath, value=//textarea[@id='news']}]
Capabilities {acceptInsecureCerts: false, browserName: MicrosoftEdge, browserVersion: 140.0.3485.54, fedcm:accounts: true, ms:edgeOptions: {debuggerAddress: localhost:50403}, msedge: {msedgedriverVersion: 140.0.3485.54 (3cc379a8a5fb..., userDataDir: C:\Users\user\AppData\Local...}, networkConnectionEnabled: false, pageLoadStrategy: normal, platformName: windows, proxy: Proxy(), se:cdp: ws://localhost:50403/devtoo..., se:cdpVersion: 140.0.3485.54, setWindowRect: true, strictFileInteractability: false, timeouts: {implicit: 0, pageLoad: 300000, script: 30000}, unhandledPromptBehavior: dismiss and notify, webauthn:extension:credBlob: true, webauthn:extension:largeBlob: true, webauthn:extension:minPinLength: true, webauthn:extension:prf: true, webauthn:virtualAuthenticators: true}
Session ID: c00356c8251275ccff02e1c0749fef36
at org.openqa.selenium.remote.ErrorCodec.decode(ErrorCodec.java:167)
at org.openqa.selenium.remote.codec.w3c.W3CHttpResponseCodec.decode(W3CHttpResponseCodec.java:138)
at org.openqa.selenium.remote.codec.w3c.W3CHttpResponseCodec.decode(W3CHttpResponseCodec.java:50)
at org.openqa.selenium.remote.HttpCommandExecutor.execute(HttpCommandExecutor.java:215)
at org.openqa.selenium.remote.service.DriverCommandExecutor.invokeExecute(DriverCommandExecutor.java:216)
at org.openqa.selenium.remote.service.DriverCommandExecutor.execute(DriverCommandExecutor.java:174)
at org.openqa.selenium.remote.RemoteWebDriver.execute(RemoteWebDriver.java:544)
at org.openqa.selenium.remote.ElementLocation$ElementFinder$2.findElement(ElementLocation.java:165)
at org.openqa.selenium.remote.ElementLocation.findElement(ElementLocation.java:59)
at org.openqa.selenium.remote.RemoteWebDriver.findElement(RemoteWebDriver.java:367)
at org.openqa.selenium.remote.RemoteWebDriver.findElement(RemoteWebDriver.java:361)
at org.openqa.selenium.support.pagefactory.DefaultElementLocator.findElement(DefaultElementLocator.java:68)
at org.openqa.selenium.support.pagefactory.internal.LocatingElementHandler.invoke(LocatingElementHandler.java:38)
at jdk.proxy2/jdk.proxy2.$Proxy13.clear(Unknown Source)
at pages.ManageNewsUpdatePage.enterTextMsg(ManageNewsUpdatePage.java:95)
at testscript.ManageNewsUpdateTest.validateSaveBtnInManageNews(ManageNewsUpdateTest.java:32)
at java.base/java.util.ArrayList.forEach(ArrayList.java:1597)
at java.base/java.util.concurrent.FutureTask.run(FutureTask.java:317)
at java.base/java.util.concurrent.ThreadPoolExecutor.runWorker(ThreadPoolExecutor.java:1144)
at java.base/java.util.concurrent.ThreadPoolExecutor$Worker.run(ThreadPoolExecutor.java:642)
at java.base/java.lang.Thread.run(Thread.java:1575)
... Removed 18 stack frames]]>
    </failure>
  </testcase> <!-- validateSaveBtnInManageNews -->
  <testcase classname="testscript.ManageContactTest" name="validateUpdateBtnInManageContact" time="1.08"/>
  <testcase classname="testscript.ManageContactTest" name="verifyUserisAbleToAccessManageContactPage" time="2.383"/>
  <testcase classname="testscript.ManageNewsTest" name="verifyUserisAbleToAccessManageNewsPage" time="1.456"/>
  <testcase classname="testscript.LogOutTest" name="verifyUserisAbleToLout" time="0.876"/>
  <testcase classname="testscript.ManageFooterTest" name="validateUpdatebtnInManageFooterPage" time="1.015"/>
  <testcase classname="testscript.ManageFooterTest" name="verifyUserIsAbletoAccessManageFooterPage" time="2.001"/>
  <testcase classname="testscript.LoginTest" name="verifyUserIsAbleToLoginUsingInvalidCredentials" time="0.447"/>
  <testcase classname="testscript.LoginTest" name="verifyUserIsAbleToLoginUsingValidCredentials" time="0.563"/>
  <testcase classname="testscript.LoginTest" name="verifyUserIsAbletoLoginUsingInvalidPassword" time="0.427">
    <skipped/>
  </testcase> <!-- verifyUserIsAbletoLoginUsingInvalidPassword -->
  <testcase classname="testscript.LoginTest" name="verifyUserIsAbletoLoginUsingInvalidPassword" time="0.452"/>
  <testcase classname="testscript.LoginTest" name="verifyUserisAbleToLoginWithInvalidUsername" time="0.442"/>
  <testcase classname="testscript.AdminUserTest" name="verifyUserIsAbletoClickAdminUser" time="1.669"/>
</testsuite> <!-- EdgeTest -->
